CRITICAL - 10-08-2022 12:48:19 --> file_get_contents(): read of 8192 bytes failed with errno=13 Permission denied
#0 [internal function]: CodeIgniter\Debug\Exceptions->errorHandler(8, 'file_get_conten...', 'C:\\xampp2\\htdoc...', 80, Array)
#1 C:\xampp2\htdocs\gestionhumana\system\Debug\Toolbar\Collectors\History.php(80): file_get_contents('C:\\xampp2\\htdoc...')
#2 C:\xampp2\htdocs\gestionhumana\system\Debug\Toolbar.php(474): CodeIgniter\Debug\Toolbar\Collectors\History->setFiles(1660153697, 20)
#3 C:\xampp2\htdocs\gestionhumana\system\Debug\Toolbar.php(450): CodeIgniter\Debug\Toolbar->format(Array, 'html')
#4 C:\xampp2\htdocs\gestionhumana\app\Config\Events.php(48): CodeIgniter\Debug\Toolbar->respond()
#5 C:\xampp2\htdocs\gestionhumana\system\Events\Events.php(149): CodeIgniter\Events\Events::Config\{closure}()
#6 C:\xampp2\htdocs\gestionhumana\system\CodeIgniter.php(299): CodeIgniter\Events\Events::trigger('pre_system')
#7 C:\xampp2\htdocs\gestionhumana\index.php(37): CodeIgniter\CodeIgniter->run()
#8 {main}
CRITICAL - 10-08-2022 12:56:38 --> Undefined variable: nombre
#0 C:\xampp2\htdocs\gestionhumana\Modules\Empleados\Views\form\servidor_edit_view.php(17): CodeIgniter\Debug\Exceptions->errorHandler(8, 'Undefined varia...', 'C:\\xampp2\\htdoc...', 17, Array)
#1 C:\xampp2\htdocs\gestionhumana\system\View\View.php(214): include('C:\\xampp2\\htdoc...')
#2 C:\xampp2\htdocs\gestionhumana\system\View\View.php(217): CodeIgniter\View\View->CodeIgniter\View\{closure}()
#3 C:\xampp2\htdocs\gestionhumana\system\Common.php(1097): CodeIgniter\View\View->render('Modules\\Emplead...', Array, true)
#4 C:\xampp2\htdocs\gestionhumana\Modules\Empleados\Controllers\ServidorEdit.php(30): view('Modules\\Emplead...')
#5 C:\xampp2\htdocs\gestionhumana\system\CodeIgniter.php(810): Modules\Empleados\Controllers\ServidorEdit->index()
#6 C:\xampp2\htdocs\gestionhumana\system\CodeIgniter.php(402): CodeIgniter\CodeIgniter->runController(Object(Modules\Empleados\Controllers\ServidorEdit))
#7 C:\xampp2\htdocs\gestionhumana\system\CodeIgniter.php(317): CodeIgniter\CodeIgniter->handleRequest(NULL, Object(Config\Cache), false)
#8 C:\xampp2\htdocs\gestionhumana\index.php(37): CodeIgniter\CodeIgniter->run()
#9 {main}
CRITICAL - 10-08-2022 14:16:48 --> Undefined variable: codigo
#0 C:\xampp2\htdocs\gestionhumana\Modules\Empleados\Views\form\servidor_edit_view.php(14): CodeIgniter\Debug\Exceptions->errorHandler(8, 'Undefined varia...', 'C:\\xampp2\\htdoc...', 14, Array)
#1 C:\xampp2\htdocs\gestionhumana\system\View\View.php(214): include('C:\\xampp2\\htdoc...')
#2 C:\xampp2\htdocs\gestionhumana\system\View\View.php(217): CodeIgniter\View\View->CodeIgniter\View\{closure}()
#3 C:\xampp2\htdocs\gestionhumana\system\Common.php(1097): CodeIgniter\View\View->render('Modules\\Emplead...', Array, true)
#4 C:\xampp2\htdocs\gestionhumana\Modules\Empleados\Controllers\ServidorEdit.php(20): view('Modules\\Emplead...', Array)
#5 C:\xampp2\htdocs\gestionhumana\system\CodeIgniter.php(810): Modules\Empleados\Controllers\ServidorEdit->index()
#6 C:\xampp2\htdocs\gestionhumana\system\CodeIgniter.php(402): CodeIgniter\CodeIgniter->runController(Object(Modules\Empleados\Controllers\ServidorEdit))
#7 C:\xampp2\htdocs\gestionhumana\system\CodeIgniter.php(317): CodeIgniter\CodeIgniter->handleRequest(NULL, Object(Config\Cache), false)
#8 C:\xampp2\htdocs\gestionhumana\index.php(37): CodeIgniter\CodeIgniter->run()
#9 {main}
CRITICAL - 10-08-2022 14:29:48 --> syntax error, unexpected '?>'
#0 C:\xampp2\htdocs\gestionhumana\system\View\View.php(217): CodeIgniter\View\View->CodeIgniter\View\{closure}()
#1 C:\xampp2\htdocs\gestionhumana\system\Common.php(1097): CodeIgniter\View\View->render('Modules\\Emplead...', Array, true)
#2 C:\xampp2\htdocs\gestionhumana\Modules\Empleados\Controllers\ServidorEdit.php(20): view('Modules\\Emplead...', Array)
#3 C:\xampp2\htdocs\gestionhumana\system\CodeIgniter.php(810): Modules\Empleados\Controllers\ServidorEdit->index()
#4 C:\xampp2\htdocs\gestionhumana\system\CodeIgniter.php(402): CodeIgniter\CodeIgniter->runController(Object(Modules\Empleados\Controllers\ServidorEdit))
#5 C:\xampp2\htdocs\gestionhumana\system\CodeIgniter.php(317): CodeIgniter\CodeIgniter->handleRequest(NULL, Object(Config\Cache), false)
#6 C:\xampp2\htdocs\gestionhumana\index.php(37): CodeIgniter\CodeIgniter->run()
#7 {main}
CRITICAL - 10-08-2022 14:30:08 --> syntax error, unexpected '?>'
#0 C:\xampp2\htdocs\gestionhumana\system\View\View.php(217): CodeIgniter\View\View->CodeIgniter\View\{closure}()
#1 C:\xampp2\htdocs\gestionhumana\system\Common.php(1097): CodeIgniter\View\View->render('Modules\\Emplead...', Array, true)
#2 C:\xampp2\htdocs\gestionhumana\Modules\Empleados\Controllers\ServidorEdit.php(20): view('Modules\\Emplead...', Array)
#3 C:\xampp2\htdocs\gestionhumana\system\CodeIgniter.php(810): Modules\Empleados\Controllers\ServidorEdit->index()
#4 C:\xampp2\htdocs\gestionhumana\system\CodeIgniter.php(402): CodeIgniter\CodeIgniter->runController(Object(Modules\Empleados\Controllers\ServidorEdit))
#5 C:\xampp2\htdocs\gestionhumana\system\CodeIgniter.php(317): CodeIgniter\CodeIgniter->handleRequest(NULL, Object(Config\Cache), false)
#6 C:\xampp2\htdocs\gestionhumana\index.php(37): CodeIgniter\CodeIgniter->run()
#7 {main}
CRITICAL - 10-08-2022 14:53:54 --> Undefined variable: codigo
#0 C:\xampp2\htdocs\gestionhumana\Modules\Empleados\Views\form\servidor_view.php(4): CodeIgniter\Debug\Exceptions->errorHandler(8, 'Undefined varia...', 'C:\\xampp2\\htdoc...', 4, Array)
#1 C:\xampp2\htdocs\gestionhumana\system\View\View.php(214): include('C:\\xampp2\\htdoc...')
#2 C:\xampp2\htdocs\gestionhumana\system\View\View.php(217): CodeIgniter\View\View->CodeIgniter\View\{closure}()
#3 C:\xampp2\htdocs\gestionhumana\system\Common.php(1097): CodeIgniter\View\View->render('Modules\\Emplead...', Array, true)
#4 C:\xampp2\htdocs\gestionhumana\Modules\Empleados\Controllers\Servidor.php(22): view('Modules\\Emplead...', Array)
#5 C:\xampp2\htdocs\gestionhumana\system\CodeIgniter.php(810): Modules\Empleados\Controllers\Servidor->index()
#6 C:\xampp2\htdocs\gestionhumana\system\CodeIgniter.php(402): CodeIgniter\CodeIgniter->runController(Object(Modules\Empleados\Controllers\Servidor))
#7 C:\xampp2\htdocs\gestionhumana\system\CodeIgniter.php(317): CodeIgniter\CodeIgniter->handleRequest(NULL, Object(Config\Cache), false)
#8 C:\xampp2\htdocs\gestionhumana\index.php(37): CodeIgniter\CodeIgniter->run()
#9 {main}
CRITICAL - 10-08-2022 15:08:37 --> Undefined variable: funcion
#0 C:\xampp2\htdocs\gestionhumana\Modules\Empleados\Views\form\servidor_edit_view.php(41): CodeIgniter\Debug\Exceptions->errorHandler(8, 'Undefined varia...', 'C:\\xampp2\\htdoc...', 41, Array)
#1 C:\xampp2\htdocs\gestionhumana\system\View\View.php(214): include('C:\\xampp2\\htdoc...')
#2 C:\xampp2\htdocs\gestionhumana\system\View\View.php(217): CodeIgniter\View\View->CodeIgniter\View\{closure}()
#3 C:\xampp2\htdocs\gestionhumana\system\Common.php(1097): CodeIgniter\View\View->render('Modules\\Emplead...', Array, true)
#4 C:\xampp2\htdocs\gestionhumana\Modules\Empleados\Controllers\ServidorEdit.php(20): view('Modules\\Emplead...', Array)
#5 C:\xampp2\htdocs\gestionhumana\system\CodeIgniter.php(810): Modules\Empleados\Controllers\ServidorEdit->index()
#6 C:\xampp2\htdocs\gestionhumana\system\CodeIgniter.php(402): CodeIgniter\CodeIgniter->runController(Object(Modules\Empleados\Controllers\ServidorEdit))
#7 C:\xampp2\htdocs\gestionhumana\system\CodeIgniter.php(317): CodeIgniter\CodeIgniter->handleRequest(NULL, Object(Config\Cache), false)
#8 C:\xampp2\htdocs\gestionhumana\index.php(37): CodeIgniter\CodeIgniter->run()
#9 {main}
CRITICAL - 10-08-2022 15:09:07 --> Undefined variable: funcion
#0 C:\xampp2\htdocs\gestionhumana\Modules\Empleados\Views\form\servidor_edit_view.php(41): CodeIgniter\Debug\Exceptions->errorHandler(8, 'Undefined varia...', 'C:\\xampp2\\htdoc...', 41, Array)
#1 C:\xampp2\htdocs\gestionhumana\system\View\View.php(214): include('C:\\xampp2\\htdoc...')
#2 C:\xampp2\htdocs\gestionhumana\system\View\View.php(217): CodeIgniter\View\View->CodeIgniter\View\{closure}()
#3 C:\xampp2\htdocs\gestionhumana\system\Common.php(1097): CodeIgniter\View\View->render('Modules\\Emplead...', Array, true)
#4 C:\xampp2\htdocs\gestionhumana\Modules\Empleados\Controllers\ServidorEdit.php(20): view('Modules\\Emplead...', Array)
#5 C:\xampp2\htdocs\gestionhumana\system\CodeIgniter.php(810): Modules\Empleados\Controllers\ServidorEdit->index()
#6 C:\xampp2\htdocs\gestionhumana\system\CodeIgniter.php(402): CodeIgniter\CodeIgniter->runController(Object(Modules\Empleados\Controllers\ServidorEdit))
#7 C:\xampp2\htdocs\gestionhumana\system\CodeIgniter.php(317): CodeIgniter\CodeIgniter->handleRequest(NULL, Object(Config\Cache), false)
#8 C:\xampp2\htdocs\gestionhumana\index.php(37): CodeIgniter\CodeIgniter->run()
#9 {main}
CRITICAL - 10-08-2022 15:09:09 --> Undefined variable: codigo
#0 C:\xampp2\htdocs\gestionhumana\Modules\Empleados\Views\form\servidor_view.php(4): CodeIgniter\Debug\Exceptions->errorHandler(8, 'Undefined varia...', 'C:\\xampp2\\htdoc...', 4, Array)
#1 C:\xampp2\htdocs\gestionhumana\system\View\View.php(214): include('C:\\xampp2\\htdoc...')
#2 C:\xampp2\htdocs\gestionhumana\system\View\View.php(217): CodeIgniter\View\View->CodeIgniter\View\{closure}()
#3 C:\xampp2\htdocs\gestionhumana\system\Common.php(1097): CodeIgniter\View\View->render('Modules\\Emplead...', Array, true)
#4 C:\xampp2\htdocs\gestionhumana\Modules\Empleados\Controllers\Servidor.php(22): view('Modules\\Emplead...', Array)
#5 C:\xampp2\htdocs\gestionhumana\system\CodeIgniter.php(810): Modules\Empleados\Controllers\Servidor->index()
#6 C:\xampp2\htdocs\gestionhumana\system\CodeIgniter.php(402): CodeIgniter\CodeIgniter->runController(Object(Modules\Empleados\Controllers\Servidor))
#7 C:\xampp2\htdocs\gestionhumana\system\CodeIgniter.php(317): CodeIgniter\CodeIgniter->handleRequest(NULL, Object(Config\Cache), false)
#8 C:\xampp2\htdocs\gestionhumana\index.php(37): CodeIgniter\CodeIgniter->run()
#9 {main}
CRITICAL - 10-08-2022 15:09:13 --> Undefined variable: funcion
#0 C:\xampp2\htdocs\gestionhumana\Modules\Empleados\Views\form\servidor_edit_view.php(41): CodeIgniter\Debug\Exceptions->errorHandler(8, 'Undefined varia...', 'C:\\xampp2\\htdoc...', 41, Array)
#1 C:\xampp2\htdocs\gestionhumana\system\View\View.php(214): include('C:\\xampp2\\htdoc...')
#2 C:\xampp2\htdocs\gestionhumana\system\View\View.php(217): CodeIgniter\View\View->CodeIgniter\View\{closure}()
#3 C:\xampp2\htdocs\gestionhumana\system\Common.php(1097): CodeIgniter\View\View->render('Modules\\Emplead...', Array, true)
#4 C:\xampp2\htdocs\gestionhumana\Modules\Empleados\Controllers\ServidorEdit.php(20): view('Modules\\Emplead...', Array)
#5 C:\xampp2\htdocs\gestionhumana\system\CodeIgniter.php(810): Modules\Empleados\Controllers\ServidorEdit->index()
#6 C:\xampp2\htdocs\gestionhumana\system\CodeIgniter.php(402): CodeIgniter\CodeIgniter->runController(Object(Modules\Empleados\Controllers\ServidorEdit))
#7 C:\xampp2\htdocs\gestionhumana\system\CodeIgniter.php(317): CodeIgniter\CodeIgniter->handleRequest(NULL, Object(Config\Cache), false)
#8 C:\xampp2\htdocs\gestionhumana\index.php(37): CodeIgniter\CodeIgniter->run()
#9 {main}
CRITICAL - 10-08-2022 15:24:57 --> Call to a member function getResult() on null
#0 C:\xampp2\htdocs\gestionhumana\system\CodeIgniter.php(810): Modules\Empleados\Controllers\ServidorEdit->get_funcion()
#1 C:\xampp2\htdocs\gestionhumana\system\CodeIgniter.php(402): CodeIgniter\CodeIgniter->runController(Object(Modules\Empleados\Controllers\ServidorEdit))
#2 C:\xampp2\htdocs\gestionhumana\system\CodeIgniter.php(317): CodeIgniter\CodeIgniter->handleRequest(NULL, Object(Config\Cache), false)
#3 C:\xampp2\htdocs\gestionhumana\index.php(37): CodeIgniter\CodeIgniter->run()
#4 {main}
CRITICAL - 10-08-2022 15:25:04 --> Call to a member function getResult() on null
#0 C:\xampp2\htdocs\gestionhumana\system\CodeIgniter.php(810): Modules\Empleados\Controllers\ServidorEdit->get_funcion()
#1 C:\xampp2\htdocs\gestionhumana\system\CodeIgniter.php(402): CodeIgniter\CodeIgniter->runController(Object(Modules\Empleados\Controllers\ServidorEdit))
#2 C:\xampp2\htdocs\gestionhumana\system\CodeIgniter.php(317): CodeIgniter\CodeIgniter->handleRequest(NULL, Object(Config\Cache), false)
#3 C:\xampp2\htdocs\gestionhumana\index.php(37): CodeIgniter\CodeIgniter->run()
#4 {main}
CRITICAL - 10-08-2022 15:26:54 --> Call to a member function getResult() on null
#0 C:\xampp2\htdocs\gestionhumana\system\CodeIgniter.php(810): Modules\Empleados\Controllers\ServidorEdit->get_funcion()
#1 C:\xampp2\htdocs\gestionhumana\system\CodeIgniter.php(402): CodeIgniter\CodeIgniter->runController(Object(Modules\Empleados\Controllers\ServidorEdit))
#2 C:\xampp2\htdocs\gestionhumana\system\CodeIgniter.php(317): CodeIgniter\CodeIgniter->handleRequest(NULL, Object(Config\Cache), false)
#3 C:\xampp2\htdocs\gestionhumana\index.php(37): CodeIgniter\CodeIgniter->run()
#4 {main}
CRITICAL - 10-08-2022 15:27:42 --> Call to a member function getResult() on null
#0 C:\xampp2\htdocs\gestionhumana\system\CodeIgniter.php(810): Modules\Empleados\Controllers\ServidorEdit->get_funcion()
#1 C:\xampp2\htdocs\gestionhumana\system\CodeIgniter.php(402): CodeIgniter\CodeIgniter->runController(Object(Modules\Empleados\Controllers\ServidorEdit))
#2 C:\xampp2\htdocs\gestionhumana\system\CodeIgniter.php(317): CodeIgniter\CodeIgniter->handleRequest(NULL, Object(Config\Cache), false)
#3 C:\xampp2\htdocs\gestionhumana\index.php(37): CodeIgniter\CodeIgniter->run()
#4 {main}
CRITICAL - 10-08-2022 15:28:07 --> Call to a member function getResult() on null
#0 C:\xampp2\htdocs\gestionhumana\system\CodeIgniter.php(810): Modules\Empleados\Controllers\ServidorEdit->get_funcion()
#1 C:\xampp2\htdocs\gestionhumana\system\CodeIgniter.php(402): CodeIgniter\CodeIgniter->runController(Object(Modules\Empleados\Controllers\ServidorEdit))
#2 C:\xampp2\htdocs\gestionhumana\system\CodeIgniter.php(317): CodeIgniter\CodeIgniter->handleRequest(NULL, Object(Config\Cache), false)
#3 C:\xampp2\htdocs\gestionhumana\index.php(37): CodeIgniter\CodeIgniter->run()
#4 {main}
CRITICAL - 10-08-2022 15:30:03 --> Undefined property: stdClass::$codigo
#0 C:\xampp2\htdocs\gestionhumana\Modules\Empleados\Controllers\ServidorEdit.php(75): CodeIgniter\Debug\Exceptions->errorHandler(8, 'Undefined prope...', 'C:\\xampp2\\htdoc...', 75, Array)
#1 C:\xampp2\htdocs\gestionhumana\system\CodeIgniter.php(810): Modules\Empleados\Controllers\ServidorEdit->get_funcion()
#2 C:\xampp2\htdocs\gestionhumana\system\CodeIgniter.php(402): CodeIgniter\CodeIgniter->runController(Object(Modules\Empleados\Controllers\ServidorEdit))
#3 C:\xampp2\htdocs\gestionhumana\system\CodeIgniter.php(317): CodeIgniter\CodeIgniter->handleRequest(NULL, Object(Config\Cache), false)
#4 C:\xampp2\htdocs\gestionhumana\index.php(37): CodeIgniter\CodeIgniter->run()
#5 {main}
CRITICAL - 10-08-2022 15:30:40 --> Undefined property: stdClass::$codigo
#0 C:\xampp2\htdocs\gestionhumana\Modules\Empleados\Controllers\ServidorEdit.php(75): CodeIgniter\Debug\Exceptions->errorHandler(8, 'Undefined prope...', 'C:\\xampp2\\htdoc...', 75, Array)
#1 C:\xampp2\htdocs\gestionhumana\system\CodeIgniter.php(810): Modules\Empleados\Controllers\ServidorEdit->get_funcion()
#2 C:\xampp2\htdocs\gestionhumana\system\CodeIgniter.php(402): CodeIgniter\CodeIgniter->runController(Object(Modules\Empleados\Controllers\ServidorEdit))
#3 C:\xampp2\htdocs\gestionhumana\system\CodeIgniter.php(317): CodeIgniter\CodeIgniter->handleRequest(NULL, Object(Config\Cache), false)
#4 C:\xampp2\htdocs\gestionhumana\index.php(37): CodeIgniter\CodeIgniter->run()
#5 {main}
