CRITICAL - 09-08-2022 12:49:07 --> Undefined variable: nombre
#0 C:\xampp2\htdocs\gestionhumana\Modules\Empleados\Views\form\servidor_edit_view.php(13): CodeIgniter\Debug\Exceptions->errorHandler(8, 'Undefined varia...', 'C:\\xampp2\\htdoc...', 13, Array)
#1 C:\xampp2\htdocs\gestionhumana\system\View\View.php(214): include('C:\\xampp2\\htdoc...')
#2 C:\xampp2\htdocs\gestionhumana\system\View\View.php(217): CodeIgniter\View\View->CodeIgniter\View\{closure}()
#3 C:\xampp2\htdocs\gestionhumana\system\Common.php(1097): CodeIgniter\View\View->render('Modules\\Emplead...', Array, true)
#4 C:\xampp2\htdocs\gestionhumana\Modules\Empleados\Controllers\ServidorEdit.php(17): view('Modules\\Emplead...', Array)
#5 C:\xampp2\htdocs\gestionhumana\system\CodeIgniter.php(810): Modules\Empleados\Controllers\ServidorEdit->index()
#6 C:\xampp2\htdocs\gestionhumana\system\CodeIgniter.php(402): CodeIgniter\CodeIgniter->runController(Object(Modules\Empleados\Controllers\ServidorEdit))
#7 C:\xampp2\htdocs\gestionhumana\system\CodeIgniter.php(317): CodeIgniter\CodeIgniter->handleRequest(NULL, Object(Config\Cache), false)
#8 C:\xampp2\htdocs\gestionhumana\index.php(37): CodeIgniter\CodeIgniter->run()
#9 {main}
ERROR - 09-08-2022 12:53:43 --> You have an error in your SQL syntax; check the manual that corresponds to your MariaDB server version for the right syntax to use near '?' at line 5
CRITICAL - 09-08-2022 12:53:43 --> You have an error in your SQL syntax; check the manual that corresponds to your MariaDB server version for the right syntax to use near '?' at line 5
#0 C:\xampp2\htdocs\gestionhumana\system\Database\MySQLi\Connection.php(292): mysqli->query('SELECT e.codigo...', 0)
#1 C:\xampp2\htdocs\gestionhumana\system\Database\BaseConnection.php(663): CodeIgniter\Database\MySQLi\Connection->execute('SELECT e.codigo...')
#2 C:\xampp2\htdocs\gestionhumana\system\Database\BaseConnection.php(591): CodeIgniter\Database\BaseConnection->simpleQuery('SELECT e.codigo...')
#3 C:\xampp2\htdocs\gestionhumana\Modules\Empleados\Models\Empleados_Model.php(14): CodeIgniter\Database\BaseConnection->query('SELECT e.codigo...', NULL)
#4 C:\xampp2\htdocs\gestionhumana\Modules\Empleados\Controllers\ServidorEdit.php(14): Modules\Empleados\Models\Empleados_Model->getEmpleadobyCodigo(NULL)
#5 C:\xampp2\htdocs\gestionhumana\system\CodeIgniter.php(810): Modules\Empleados\Controllers\ServidorEdit->index()
#6 C:\xampp2\htdocs\gestionhumana\system\CodeIgniter.php(402): CodeIgniter\CodeIgniter->runController(Object(Modules\Empleados\Controllers\ServidorEdit))
#7 C:\xampp2\htdocs\gestionhumana\system\CodeIgniter.php(317): CodeIgniter\CodeIgniter->handleRequest(NULL, Object(Config\Cache), false)
#8 C:\xampp2\htdocs\gestionhumana\index.php(37): CodeIgniter\CodeIgniter->run()
#9 {main}
ERROR - 09-08-2022 12:58:02 --> You have an error in your SQL syntax; check the manual that corresponds to your MariaDB server version for the right syntax to use near 'e.codigo =' at line 1
CRITICAL - 09-08-2022 12:58:02 --> You have an error in your SQL syntax; check the manual that corresponds to your MariaDB server version for the right syntax to use near 'e.codigo =' at line 1
#0 C:\xampp2\htdocs\gestionhumana\system\Database\MySQLi\Connection.php(292): mysqli->query('SELECT e.codigo...', 0)
#1 C:\xampp2\htdocs\gestionhumana\system\Database\BaseConnection.php(663): CodeIgniter\Database\MySQLi\Connection->execute('SELECT e.codigo...')
#2 C:\xampp2\htdocs\gestionhumana\system\Database\BaseConnection.php(591): CodeIgniter\Database\BaseConnection->simpleQuery('SELECT e.codigo...')
#3 C:\xampp2\htdocs\gestionhumana\Modules\Empleados\Models\Empleados_Model.php(19): CodeIgniter\Database\BaseConnection->query('SELECT e.codigo...')
#4 C:\xampp2\htdocs\gestionhumana\Modules\Empleados\Controllers\ServidorEdit.php(14): Modules\Empleados\Models\Empleados_Model->getEmpleadobyCodigo(NULL)
#5 C:\xampp2\htdocs\gestionhumana\system\CodeIgniter.php(810): Modules\Empleados\Controllers\ServidorEdit->index()
#6 C:\xampp2\htdocs\gestionhumana\system\CodeIgniter.php(402): CodeIgniter\CodeIgniter->runController(Object(Modules\Empleados\Controllers\ServidorEdit))
#7 C:\xampp2\htdocs\gestionhumana\system\CodeIgniter.php(317): CodeIgniter\CodeIgniter->handleRequest(NULL, Object(Config\Cache), false)
#8 C:\xampp2\htdocs\gestionhumana\index.php(37): CodeIgniter\CodeIgniter->run()
#9 {main}
CRITICAL - 09-08-2022 13:01:11 --> syntax error, unexpected ','
#0 C:\xampp2\htdocs\gestionhumana\system\Autoloader\Autoloader.php(241): CodeIgniter\Autoloader\Autoloader->includeFile('C:\\xampp2\\htdoc...')
#1 C:\xampp2\htdocs\gestionhumana\system\Autoloader\Autoloader.php(219): CodeIgniter\Autoloader\Autoloader->loadInNamespace('Modules\\Emplead...')
#2 [internal function]: CodeIgniter\Autoloader\Autoloader->loadClass('Modules\\Emplead...')
#3 C:\xampp2\htdocs\gestionhumana\Modules\Empleados\Controllers\ServidorEdit.php(13): spl_autoload_call('Modules\\Emplead...')
#4 C:\xampp2\htdocs\gestionhumana\system\CodeIgniter.php(810): Modules\Empleados\Controllers\ServidorEdit->index()
#5 C:\xampp2\htdocs\gestionhumana\system\CodeIgniter.php(402): CodeIgniter\CodeIgniter->runController(Object(Modules\Empleados\Controllers\ServidorEdit))
#6 C:\xampp2\htdocs\gestionhumana\system\CodeIgniter.php(317): CodeIgniter\CodeIgniter->handleRequest(NULL, Object(Config\Cache), false)
#7 C:\xampp2\htdocs\gestionhumana\index.php(37): CodeIgniter\CodeIgniter->run()
#8 {main}
ERROR - 09-08-2022 13:03:42 --> You have an error in your SQL syntax; check the manual that corresponds to your MariaDB server version for the right syntax to use near 'e.codigo = 1' at line 1
CRITICAL - 09-08-2022 13:03:42 --> You have an error in your SQL syntax; check the manual that corresponds to your MariaDB server version for the right syntax to use near 'e.codigo = 1' at line 1
#0 C:\xampp2\htdocs\gestionhumana\system\Database\MySQLi\Connection.php(292): mysqli->query('SELECT e.codigo...', 0)
#1 C:\xampp2\htdocs\gestionhumana\system\Database\BaseConnection.php(663): CodeIgniter\Database\MySQLi\Connection->execute('SELECT e.codigo...')
#2 C:\xampp2\htdocs\gestionhumana\system\Database\BaseConnection.php(591): CodeIgniter\Database\BaseConnection->simpleQuery('SELECT e.codigo...')
#3 C:\xampp2\htdocs\gestionhumana\Modules\Empleados\Models\Empleados_Model.php(19): CodeIgniter\Database\BaseConnection->query('SELECT e.codigo...')
#4 C:\xampp2\htdocs\gestionhumana\Modules\Empleados\Controllers\ServidorEdit.php(14): Modules\Empleados\Models\Empleados_Model->getEmpleadobyCodigo(NULL)
#5 C:\xampp2\htdocs\gestionhumana\system\CodeIgniter.php(810): Modules\Empleados\Controllers\ServidorEdit->index()
#6 C:\xampp2\htdocs\gestionhumana\system\CodeIgniter.php(402): CodeIgniter\CodeIgniter->runController(Object(Modules\Empleados\Controllers\ServidorEdit))
#7 C:\xampp2\htdocs\gestionhumana\system\CodeIgniter.php(317): CodeIgniter\CodeIgniter->handleRequest(NULL, Object(Config\Cache), false)
#8 C:\xampp2\htdocs\gestionhumana\index.php(37): CodeIgniter\CodeIgniter->run()
#9 {main}
ERROR - 09-08-2022 13:04:02 --> You have an error in your SQL syntax; check the manual that corresponds to your MariaDB server version for the right syntax to use near 'e.codigo = 1' at line 1
CRITICAL - 09-08-2022 13:04:02 --> You have an error in your SQL syntax; check the manual that corresponds to your MariaDB server version for the right syntax to use near 'e.codigo = 1' at line 1
#0 C:\xampp2\htdocs\gestionhumana\system\Database\MySQLi\Connection.php(292): mysqli->query('SELECT e.codigo...', 0)
#1 C:\xampp2\htdocs\gestionhumana\system\Database\BaseConnection.php(663): CodeIgniter\Database\MySQLi\Connection->execute('SELECT e.codigo...')
#2 C:\xampp2\htdocs\gestionhumana\system\Database\BaseConnection.php(591): CodeIgniter\Database\BaseConnection->simpleQuery('SELECT e.codigo...')
#3 C:\xampp2\htdocs\gestionhumana\Modules\Empleados\Models\Empleados_Model.php(19): CodeIgniter\Database\BaseConnection->query('SELECT e.codigo...')
#4 C:\xampp2\htdocs\gestionhumana\Modules\Empleados\Controllers\ServidorEdit.php(14): Modules\Empleados\Models\Empleados_Model->getEmpleadobyCodigo(NULL)
#5 C:\xampp2\htdocs\gestionhumana\system\CodeIgniter.php(810): Modules\Empleados\Controllers\ServidorEdit->index()
#6 C:\xampp2\htdocs\gestionhumana\system\CodeIgniter.php(402): CodeIgniter\CodeIgniter->runController(Object(Modules\Empleados\Controllers\ServidorEdit))
#7 C:\xampp2\htdocs\gestionhumana\system\CodeIgniter.php(317): CodeIgniter\CodeIgniter->handleRequest(NULL, Object(Config\Cache), false)
#8 C:\xampp2\htdocs\gestionhumana\index.php(37): CodeIgniter\CodeIgniter->run()
#9 {main}
CRITICAL - 09-08-2022 13:05:19 --> Undefined variable: nombre
#0 C:\xampp2\htdocs\gestionhumana\Modules\Empleados\Views\form\servidor_edit_view.php(13): CodeIgniter\Debug\Exceptions->errorHandler(8, 'Undefined varia...', 'C:\\xampp2\\htdoc...', 13, Array)
#1 C:\xampp2\htdocs\gestionhumana\system\View\View.php(214): include('C:\\xampp2\\htdoc...')
#2 C:\xampp2\htdocs\gestionhumana\system\View\View.php(217): CodeIgniter\View\View->CodeIgniter\View\{closure}()
#3 C:\xampp2\htdocs\gestionhumana\system\Common.php(1097): CodeIgniter\View\View->render('Modules\\Emplead...', Array, true)
#4 C:\xampp2\htdocs\gestionhumana\Modules\Empleados\Controllers\ServidorEdit.php(18): view('Modules\\Emplead...', Array)
#5 C:\xampp2\htdocs\gestionhumana\system\CodeIgniter.php(810): Modules\Empleados\Controllers\ServidorEdit->index()
#6 C:\xampp2\htdocs\gestionhumana\system\CodeIgniter.php(402): CodeIgniter\CodeIgniter->runController(Object(Modules\Empleados\Controllers\ServidorEdit))
#7 C:\xampp2\htdocs\gestionhumana\system\CodeIgniter.php(317): CodeIgniter\CodeIgniter->handleRequest(NULL, Object(Config\Cache), false)
#8 C:\xampp2\htdocs\gestionhumana\index.php(37): CodeIgniter\CodeIgniter->run()
#9 {main}
ERROR - 09-08-2022 13:08:33 --> You have an error in your SQL syntax; check the manual that corresponds to your MariaDB server version for the right syntax to use near '?' at line 5
CRITICAL - 09-08-2022 13:08:33 --> You have an error in your SQL syntax; check the manual that corresponds to your MariaDB server version for the right syntax to use near '?' at line 5
#0 C:\xampp2\htdocs\gestionhumana\system\Database\MySQLi\Connection.php(292): mysqli->query('SELECT e.codigo...', 0)
#1 C:\xampp2\htdocs\gestionhumana\system\Database\BaseConnection.php(663): CodeIgniter\Database\MySQLi\Connection->execute('SELECT e.codigo...')
#2 C:\xampp2\htdocs\gestionhumana\system\Database\BaseConnection.php(591): CodeIgniter\Database\BaseConnection->simpleQuery('SELECT e.codigo...')
#3 C:\xampp2\htdocs\gestionhumana\Modules\Empleados\Models\Empleados_Model.php(19): CodeIgniter\Database\BaseConnection->query('SELECT e.codigo...', NULL)
#4 C:\xampp2\htdocs\gestionhumana\Modules\Empleados\Controllers\ServidorEdit.php(14): Modules\Empleados\Models\Empleados_Model->getEmpleadobyCodigo(NULL)
#5 C:\xampp2\htdocs\gestionhumana\system\CodeIgniter.php(810): Modules\Empleados\Controllers\ServidorEdit->index()
#6 C:\xampp2\htdocs\gestionhumana\system\CodeIgniter.php(402): CodeIgniter\CodeIgniter->runController(Object(Modules\Empleados\Controllers\ServidorEdit))
#7 C:\xampp2\htdocs\gestionhumana\system\CodeIgniter.php(317): CodeIgniter\CodeIgniter->handleRequest(NULL, Object(Config\Cache), false)
#8 C:\xampp2\htdocs\gestionhumana\index.php(37): CodeIgniter\CodeIgniter->run()
#9 {main}
ERROR - 09-08-2022 13:08:51 --> You have an error in your SQL syntax; check the manual that corresponds to your MariaDB server version for the right syntax to use near '?' at line 5
CRITICAL - 09-08-2022 13:08:51 --> You have an error in your SQL syntax; check the manual that corresponds to your MariaDB server version for the right syntax to use near '?' at line 5
#0 C:\xampp2\htdocs\gestionhumana\system\Database\MySQLi\Connection.php(292): mysqli->query('SELECT e.codigo...', 0)
#1 C:\xampp2\htdocs\gestionhumana\system\Database\BaseConnection.php(663): CodeIgniter\Database\MySQLi\Connection->execute('SELECT e.codigo...')
#2 C:\xampp2\htdocs\gestionhumana\system\Database\BaseConnection.php(591): CodeIgniter\Database\BaseConnection->simpleQuery('SELECT e.codigo...')
#3 C:\xampp2\htdocs\gestionhumana\Modules\Empleados\Models\Empleados_Model.php(19): CodeIgniter\Database\BaseConnection->query('SELECT e.codigo...', NULL)
#4 C:\xampp2\htdocs\gestionhumana\Modules\Empleados\Controllers\ServidorEdit.php(14): Modules\Empleados\Models\Empleados_Model->getEmpleadobyCodigo(NULL)
#5 C:\xampp2\htdocs\gestionhumana\system\CodeIgniter.php(810): Modules\Empleados\Controllers\ServidorEdit->index()
#6 C:\xampp2\htdocs\gestionhumana\system\CodeIgniter.php(402): CodeIgniter\CodeIgniter->runController(Object(Modules\Empleados\Controllers\ServidorEdit))
#7 C:\xampp2\htdocs\gestionhumana\system\CodeIgniter.php(317): CodeIgniter\CodeIgniter->handleRequest(NULL, Object(Config\Cache), false)
#8 C:\xampp2\htdocs\gestionhumana\index.php(37): CodeIgniter\CodeIgniter->run()
#9 {main}
CRITICAL - 09-08-2022 13:10:05 --> Undefined variable: nombre
#0 C:\xampp2\htdocs\gestionhumana\Modules\Empleados\Views\form\servidor_edit_view.php(13): CodeIgniter\Debug\Exceptions->errorHandler(8, 'Undefined varia...', 'C:\\xampp2\\htdoc...', 13, Array)
#1 C:\xampp2\htdocs\gestionhumana\system\View\View.php(214): include('C:\\xampp2\\htdoc...')
#2 C:\xampp2\htdocs\gestionhumana\system\View\View.php(217): CodeIgniter\View\View->CodeIgniter\View\{closure}()
#3 C:\xampp2\htdocs\gestionhumana\system\Common.php(1097): CodeIgniter\View\View->render('Modules\\Emplead...', Array, true)
#4 C:\xampp2\htdocs\gestionhumana\Modules\Empleados\Controllers\ServidorEdit.php(18): view('Modules\\Emplead...', Array)
#5 C:\xampp2\htdocs\gestionhumana\system\CodeIgniter.php(810): Modules\Empleados\Controllers\ServidorEdit->index()
#6 C:\xampp2\htdocs\gestionhumana\system\CodeIgniter.php(402): CodeIgniter\CodeIgniter->runController(Object(Modules\Empleados\Controllers\ServidorEdit))
#7 C:\xampp2\htdocs\gestionhumana\system\CodeIgniter.php(317): CodeIgniter\CodeIgniter->handleRequest(NULL, Object(Config\Cache), false)
#8 C:\xampp2\htdocs\gestionhumana\index.php(37): CodeIgniter\CodeIgniter->run()
#9 {main}
CRITICAL - 09-08-2022 13:11:21 --> Undefined variable: nombre
#0 C:\xampp2\htdocs\gestionhumana\Modules\Empleados\Views\form\servidor_edit_view.php(13): CodeIgniter\Debug\Exceptions->errorHandler(8, 'Undefined varia...', 'C:\\xampp2\\htdoc...', 13, Array)
#1 C:\xampp2\htdocs\gestionhumana\system\View\View.php(214): include('C:\\xampp2\\htdoc...')
#2 C:\xampp2\htdocs\gestionhumana\system\View\View.php(217): CodeIgniter\View\View->CodeIgniter\View\{closure}()
#3 C:\xampp2\htdocs\gestionhumana\system\Common.php(1097): CodeIgniter\View\View->render('Modules\\Emplead...', Array, true)
#4 C:\xampp2\htdocs\gestionhumana\Modules\Empleados\Controllers\ServidorEdit.php(18): view('Modules\\Emplead...', Array)
#5 C:\xampp2\htdocs\gestionhumana\system\CodeIgniter.php(810): Modules\Empleados\Controllers\ServidorEdit->index()
#6 C:\xampp2\htdocs\gestionhumana\system\CodeIgniter.php(402): CodeIgniter\CodeIgniter->runController(Object(Modules\Empleados\Controllers\ServidorEdit))
#7 C:\xampp2\htdocs\gestionhumana\system\CodeIgniter.php(317): CodeIgniter\CodeIgniter->handleRequest(NULL, Object(Config\Cache), false)
#8 C:\xampp2\htdocs\gestionhumana\index.php(37): CodeIgniter\CodeIgniter->run()
#9 {main}
CRITICAL - 09-08-2022 13:12:11 --> Undefined variable: nombre
#0 C:\xampp2\htdocs\gestionhumana\Modules\Empleados\Views\form\servidor_edit_view.php(13): CodeIgniter\Debug\Exceptions->errorHandler(8, 'Undefined varia...', 'C:\\xampp2\\htdoc...', 13, Array)
#1 C:\xampp2\htdocs\gestionhumana\system\View\View.php(214): include('C:\\xampp2\\htdoc...')
#2 C:\xampp2\htdocs\gestionhumana\system\View\View.php(217): CodeIgniter\View\View->CodeIgniter\View\{closure}()
#3 C:\xampp2\htdocs\gestionhumana\system\Common.php(1097): CodeIgniter\View\View->render('Modules\\Emplead...', Array, true)
#4 C:\xampp2\htdocs\gestionhumana\Modules\Empleados\Controllers\ServidorEdit.php(18): view('Modules\\Emplead...', Array)
#5 C:\xampp2\htdocs\gestionhumana\system\CodeIgniter.php(810): Modules\Empleados\Controllers\ServidorEdit->index()
#6 C:\xampp2\htdocs\gestionhumana\system\CodeIgniter.php(402): CodeIgniter\CodeIgniter->runController(Object(Modules\Empleados\Controllers\ServidorEdit))
#7 C:\xampp2\htdocs\gestionhumana\system\CodeIgniter.php(317): CodeIgniter\CodeIgniter->handleRequest(NULL, Object(Config\Cache), false)
#8 C:\xampp2\htdocs\gestionhumana\index.php(37): CodeIgniter\CodeIgniter->run()
#9 {main}
CRITICAL - 09-08-2022 13:12:22 --> Undefined variable: nombre
#0 C:\xampp2\htdocs\gestionhumana\Modules\Empleados\Views\form\servidor_edit_view.php(13): CodeIgniter\Debug\Exceptions->errorHandler(8, 'Undefined varia...', 'C:\\xampp2\\htdoc...', 13, Array)
#1 C:\xampp2\htdocs\gestionhumana\system\View\View.php(214): include('C:\\xampp2\\htdoc...')
#2 C:\xampp2\htdocs\gestionhumana\system\View\View.php(217): CodeIgniter\View\View->CodeIgniter\View\{closure}()
#3 C:\xampp2\htdocs\gestionhumana\system\Common.php(1097): CodeIgniter\View\View->render('Modules\\Emplead...', Array, true)
#4 C:\xampp2\htdocs\gestionhumana\Modules\Empleados\Controllers\ServidorEdit.php(18): view('Modules\\Emplead...', Array)
#5 C:\xampp2\htdocs\gestionhumana\system\CodeIgniter.php(810): Modules\Empleados\Controllers\ServidorEdit->index()
#6 C:\xampp2\htdocs\gestionhumana\system\CodeIgniter.php(402): CodeIgniter\CodeIgniter->runController(Object(Modules\Empleados\Controllers\ServidorEdit))
#7 C:\xampp2\htdocs\gestionhumana\system\CodeIgniter.php(317): CodeIgniter\CodeIgniter->handleRequest(NULL, Object(Config\Cache), false)
#8 C:\xampp2\htdocs\gestionhumana\index.php(37): CodeIgniter\CodeIgniter->run()
#9 {main}
CRITICAL - 09-08-2022 13:50:37 --> Call to undefined method Modules\Empleados\Models\Cargo_Model::get_cargos
#0 C:\xampp2\htdocs\gestionhumana\Modules\Empleados\Controllers\ServidorEdit.php(25): CodeIgniter\Model->__call('get_cargos', Array)
#1 C:\xampp2\htdocs\gestionhumana\system\CodeIgniter.php(810): Modules\Empleados\Controllers\ServidorEdit->get_cargo()
#2 C:\xampp2\htdocs\gestionhumana\system\CodeIgniter.php(402): CodeIgniter\CodeIgniter->runController(Object(Modules\Empleados\Controllers\ServidorEdit))
#3 C:\xampp2\htdocs\gestionhumana\system\CodeIgniter.php(317): CodeIgniter\CodeIgniter->handleRequest(NULL, Object(Config\Cache), false)
#4 C:\xampp2\htdocs\gestionhumana\index.php(37): CodeIgniter\CodeIgniter->run()
#5 {main}
CRITICAL - 09-08-2022 13:51:25 --> Call to undefined method Modules\Empleados\Models\Cargo_Model::get_cargos
#0 C:\xampp2\htdocs\gestionhumana\Modules\Empleados\Controllers\ServidorEdit.php(25): CodeIgniter\Model->__call('get_cargos', Array)
#1 C:\xampp2\htdocs\gestionhumana\system\CodeIgniter.php(810): Modules\Empleados\Controllers\ServidorEdit->get_cargos()
#2 C:\xampp2\htdocs\gestionhumana\system\CodeIgniter.php(402): CodeIgniter\CodeIgniter->runController(Object(Modules\Empleados\Controllers\ServidorEdit))
#3 C:\xampp2\htdocs\gestionhumana\system\CodeIgniter.php(317): CodeIgniter\CodeIgniter->handleRequest(NULL, Object(Config\Cache), false)
#4 C:\xampp2\htdocs\gestionhumana\index.php(37): CodeIgniter\CodeIgniter->run()
#5 {main}
CRITICAL - 09-08-2022 15:47:46 --> Argument 2 passed to view() must be of the type array, null given, called in C:\xampp2\htdocs\gestionhumana\Modules\Empleados\Controllers\ServidorEdit.php on line 19
#0 C:\xampp2\htdocs\gestionhumana\Modules\Empleados\Controllers\ServidorEdit.php(19): view('Modules\\Emplead...', NULL)
#1 C:\xampp2\htdocs\gestionhumana\system\CodeIgniter.php(810): Modules\Empleados\Controllers\ServidorEdit->index()
#2 C:\xampp2\htdocs\gestionhumana\system\CodeIgniter.php(402): CodeIgniter\CodeIgniter->runController(Object(Modules\Empleados\Controllers\ServidorEdit))
#3 C:\xampp2\htdocs\gestionhumana\system\CodeIgniter.php(317): CodeIgniter\CodeIgniter->handleRequest(NULL, Object(Config\Cache), false)
#4 C:\xampp2\htdocs\gestionhumana\index.php(37): CodeIgniter\CodeIgniter->run()
#5 {main}
CRITICAL - 09-08-2022 16:35:21 --> Undefined variable: nombre
#0 C:\xampp2\htdocs\gestionhumana\Modules\Empleados\Views\form\servidor_edit_view.php(17): CodeIgniter\Debug\Exceptions->errorHandler(8, 'Undefined varia...', 'C:\\xampp2\\htdoc...', 17, Array)
#1 C:\xampp2\htdocs\gestionhumana\system\View\View.php(214): include('C:\\xampp2\\htdoc...')
#2 C:\xampp2\htdocs\gestionhumana\system\View\View.php(217): CodeIgniter\View\View->CodeIgniter\View\{closure}()
#3 C:\xampp2\htdocs\gestionhumana\system\Common.php(1097): CodeIgniter\View\View->render('Modules\\Emplead...', Array, true)
#4 C:\xampp2\htdocs\gestionhumana\Modules\Empleados\Controllers\ServidorEdit.php(20): view('Modules\\Emplead...', Array)
#5 C:\xampp2\htdocs\gestionhumana\system\CodeIgniter.php(810): Modules\Empleados\Controllers\ServidorEdit->index()
#6 C:\xampp2\htdocs\gestionhumana\system\CodeIgniter.php(402): CodeIgniter\CodeIgniter->runController(Object(Modules\Empleados\Controllers\ServidorEdit))
#7 C:\xampp2\htdocs\gestionhumana\system\CodeIgniter.php(317): CodeIgniter\CodeIgniter->handleRequest(NULL, Object(Config\Cache), false)
#8 C:\xampp2\htdocs\gestionhumana\index.php(37): CodeIgniter\CodeIgniter->run()
#9 {main}
