CRITICAL - 03-06-2023 18:29:43 --> Argument 2 passed to CodeIgniter\Database\BaseBuilder::like() must be of the type string, null given, called in C:\xampp\htdocs\gestionhumana\Modules\Solicitudes\Controllers\AjaxSearchControllers.php on line 22
#0 C:\xampp\htdocs\gestionhumana\Modules\Solicitudes\Controllers\AjaxSearchControllers.php(22): CodeIgniter\Database\BaseBuilder->like('nombre_escuela', NULL)
#1 C:\xampp\htdocs\gestionhumana\system\CodeIgniter.php(810): Modules\Solicitudes\Controllers\AjaxSearchControllers->ajaxSearch()
#2 C:\xampp\htdocs\gestionhumana\system\CodeIgniter.php(402): CodeIgniter\CodeIgniter->runController(Object(Modules\Solicitudes\Controllers\AjaxSearchControllers))
#3 C:\xampp\htdocs\gestionhumana\system\CodeIgniter.php(317): CodeIgniter\CodeIgniter->handleRequest(NULL, Object(Config\Cache), false)
#4 C:\xampp\htdocs\gestionhumana\index.php(37): CodeIgniter\CodeIgniter->run()
#5 {main}
CRITICAL - 03-06-2023 18:29:47 --> Argument 2 passed to CodeIgniter\Database\BaseBuilder::like() must be of the type string, null given, called in C:\xampp\htdocs\gestionhumana\Modules\Solicitudes\Controllers\AjaxSearchControllers.php on line 22
#0 C:\xampp\htdocs\gestionhumana\Modules\Solicitudes\Controllers\AjaxSearchControllers.php(22): CodeIgniter\Database\BaseBuilder->like('nombre_escuela', NULL)
#1 C:\xampp\htdocs\gestionhumana\system\CodeIgniter.php(810): Modules\Solicitudes\Controllers\AjaxSearchControllers->ajaxSearch()
#2 C:\xampp\htdocs\gestionhumana\system\CodeIgniter.php(402): CodeIgniter\CodeIgniter->runController(Object(Modules\Solicitudes\Controllers\AjaxSearchControllers))
#3 C:\xampp\htdocs\gestionhumana\system\CodeIgniter.php(317): CodeIgniter\CodeIgniter->handleRequest(NULL, Object(Config\Cache), false)
#4 C:\xampp\htdocs\gestionhumana\index.php(37): CodeIgniter\CodeIgniter->run()
#5 {main}
CRITICAL - 03-06-2023 18:29:47 --> Argument 2 passed to CodeIgniter\Database\BaseBuilder::like() must be of the type string, null given, called in C:\xampp\htdocs\gestionhumana\Modules\Solicitudes\Controllers\AjaxSearchControllers.php on line 22
#0 C:\xampp\htdocs\gestionhumana\Modules\Solicitudes\Controllers\AjaxSearchControllers.php(22): CodeIgniter\Database\BaseBuilder->like('nombre_escuela', NULL)
#1 C:\xampp\htdocs\gestionhumana\system\CodeIgniter.php(810): Modules\Solicitudes\Controllers\AjaxSearchControllers->ajaxSearch()
#2 C:\xampp\htdocs\gestionhumana\system\CodeIgniter.php(402): CodeIgniter\CodeIgniter->runController(Object(Modules\Solicitudes\Controllers\AjaxSearchControllers))
#3 C:\xampp\htdocs\gestionhumana\system\CodeIgniter.php(317): CodeIgniter\CodeIgniter->handleRequest(NULL, Object(Config\Cache), false)
#4 C:\xampp\htdocs\gestionhumana\index.php(37): CodeIgniter\CodeIgniter->run()
#5 {main}
ERROR - 03-06-2023 18:30:25 --> Column 'centro_educativo' cannot be null
CRITICAL - 03-06-2023 18:30:25 --> Column 'centro_educativo' cannot be null
#0 C:\xampp\htdocs\gestionhumana\system\Database\MySQLi\Connection.php(292): mysqli->query('INSERT INTO `t_...', 0)
#1 C:\xampp\htdocs\gestionhumana\system\Database\BaseConnection.php(663): CodeIgniter\Database\MySQLi\Connection->execute('INSERT INTO `t_...')
#2 C:\xampp\htdocs\gestionhumana\system\Database\BaseConnection.php(591): CodeIgniter\Database\BaseConnection->simpleQuery('INSERT INTO `t_...')
#3 C:\xampp\htdocs\gestionhumana\system\Database\BaseBuilder.php(1733): CodeIgniter\Database\BaseConnection->query('INSERT INTO `t_...', Array, false)
#4 C:\xampp\htdocs\gestionhumana\system\Model.php(239): CodeIgniter\Database\BaseBuilder->insert()
#5 C:\xampp\htdocs\gestionhumana\system\BaseModel.php(738): CodeIgniter\Model->doInsert(Array)
#6 C:\xampp\htdocs\gestionhumana\system\Model.php(620): CodeIgniter\BaseModel->insert(Array, false)
#7 C:\xampp\htdocs\gestionhumana\system\BaseModel.php(658): CodeIgniter\Model->insert(Array, false)
#8 C:\xampp\htdocs\gestionhumana\Modules\Solicitudes\Controllers\Desvinculacion.php(48): CodeIgniter\BaseModel->save(Array)
#9 C:\xampp\htdocs\gestionhumana\system\CodeIgniter.php(810): Modules\Solicitudes\Controllers\Desvinculacion->save()
#10 C:\xampp\htdocs\gestionhumana\system\CodeIgniter.php(402): CodeIgniter\CodeIgniter->runController(Object(Modules\Solicitudes\Controllers\Desvinculacion))
#11 C:\xampp\htdocs\gestionhumana\system\CodeIgniter.php(317): CodeIgniter\CodeIgniter->handleRequest(NULL, Object(Config\Cache), false)
#12 C:\xampp\htdocs\gestionhumana\index.php(37): CodeIgniter\CodeIgniter->run()
#13 {main}
CRITICAL - 03-06-2023 18:32:00 --> Argument 2 passed to CodeIgniter\Database\BaseBuilder::like() must be of the type string, null given, called in C:\xampp\htdocs\gestionhumana\Modules\Solicitudes\Controllers\AjaxSearchControllers.php on line 22
#0 C:\xampp\htdocs\gestionhumana\Modules\Solicitudes\Controllers\AjaxSearchControllers.php(22): CodeIgniter\Database\BaseBuilder->like('nombre_escuela', NULL)
#1 C:\xampp\htdocs\gestionhumana\system\CodeIgniter.php(810): Modules\Solicitudes\Controllers\AjaxSearchControllers->ajaxSearch()
#2 C:\xampp\htdocs\gestionhumana\system\CodeIgniter.php(402): CodeIgniter\CodeIgniter->runController(Object(Modules\Solicitudes\Controllers\AjaxSearchControllers))
#3 C:\xampp\htdocs\gestionhumana\system\CodeIgniter.php(317): CodeIgniter\CodeIgniter->handleRequest(NULL, Object(Config\Cache), false)
#4 C:\xampp\htdocs\gestionhumana\index.php(37): CodeIgniter\CodeIgniter->run()
#5 {main}
CRITICAL - 03-06-2023 18:47:29 --> Argument 2 passed to CodeIgniter\Database\BaseBuilder::like() must be of the type string, null given, called in C:\xampp\htdocs\gestionhumana\Modules\Solicitudes\Controllers\AjaxSearchControllers.php on line 22
#0 C:\xampp\htdocs\gestionhumana\Modules\Solicitudes\Controllers\AjaxSearchControllers.php(22): CodeIgniter\Database\BaseBuilder->like('nombre_escuela', NULL)
#1 C:\xampp\htdocs\gestionhumana\system\CodeIgniter.php(810): Modules\Solicitudes\Controllers\AjaxSearchControllers->ajaxSearch()
#2 C:\xampp\htdocs\gestionhumana\system\CodeIgniter.php(402): CodeIgniter\CodeIgniter->runController(Object(Modules\Solicitudes\Controllers\AjaxSearchControllers))
#3 C:\xampp\htdocs\gestionhumana\system\CodeIgniter.php(317): CodeIgniter\CodeIgniter->handleRequest(NULL, Object(Config\Cache), false)
#4 C:\xampp\htdocs\gestionhumana\index.php(37): CodeIgniter\CodeIgniter->run()
#5 {main}
CRITICAL - 03-06-2023 18:49:47 --> Argument 2 passed to CodeIgniter\Database\BaseBuilder::like() must be of the type string, null given, called in C:\xampp\htdocs\gestionhumana\Modules\Solicitudes\Controllers\AjaxSearchControllers.php on line 22
#0 C:\xampp\htdocs\gestionhumana\Modules\Solicitudes\Controllers\AjaxSearchControllers.php(22): CodeIgniter\Database\BaseBuilder->like('nombre_escuela', NULL)
#1 C:\xampp\htdocs\gestionhumana\system\CodeIgniter.php(810): Modules\Solicitudes\Controllers\AjaxSearchControllers->ajaxSearch()
#2 C:\xampp\htdocs\gestionhumana\system\CodeIgniter.php(402): CodeIgniter\CodeIgniter->runController(Object(Modules\Solicitudes\Controllers\AjaxSearchControllers))
#3 C:\xampp\htdocs\gestionhumana\system\CodeIgniter.php(317): CodeIgniter\CodeIgniter->handleRequest(NULL, Object(Config\Cache), false)
#4 C:\xampp\htdocs\gestionhumana\index.php(37): CodeIgniter\CodeIgniter->run()
#5 {main}
CRITICAL - 03-06-2023 18:51:25 --> Argument 2 passed to CodeIgniter\Database\BaseBuilder::like() must be of the type string, null given, called in C:\xampp\htdocs\gestionhumana\Modules\Solicitudes\Controllers\AjaxSearchControllers.php on line 22
#0 C:\xampp\htdocs\gestionhumana\Modules\Solicitudes\Controllers\AjaxSearchControllers.php(22): CodeIgniter\Database\BaseBuilder->like('nombre_escuela', NULL)
#1 C:\xampp\htdocs\gestionhumana\system\CodeIgniter.php(810): Modules\Solicitudes\Controllers\AjaxSearchControllers->ajaxSearch()
#2 C:\xampp\htdocs\gestionhumana\system\CodeIgniter.php(402): CodeIgniter\CodeIgniter->runController(Object(Modules\Solicitudes\Controllers\AjaxSearchControllers))
#3 C:\xampp\htdocs\gestionhumana\system\CodeIgniter.php(317): CodeIgniter\CodeIgniter->handleRequest(NULL, Object(Config\Cache), false)
#4 C:\xampp\htdocs\gestionhumana\index.php(37): CodeIgniter\CodeIgniter->run()
#5 {main}
CRITICAL - 03-06-2023 18:53:54 --> Argument 2 passed to CodeIgniter\Database\BaseBuilder::like() must be of the type string, null given, called in C:\xampp\htdocs\gestionhumana\Modules\Solicitudes\Controllers\AjaxSearchControllers.php on line 22
#0 C:\xampp\htdocs\gestionhumana\Modules\Solicitudes\Controllers\AjaxSearchControllers.php(22): CodeIgniter\Database\BaseBuilder->like('nombre_escuela', NULL)
#1 C:\xampp\htdocs\gestionhumana\system\CodeIgniter.php(810): Modules\Solicitudes\Controllers\AjaxSearchControllers->ajaxSearch()
#2 C:\xampp\htdocs\gestionhumana\system\CodeIgniter.php(402): CodeIgniter\CodeIgniter->runController(Object(Modules\Solicitudes\Controllers\AjaxSearchControllers))
#3 C:\xampp\htdocs\gestionhumana\system\CodeIgniter.php(317): CodeIgniter\CodeIgniter->handleRequest(NULL, Object(Config\Cache), false)
#4 C:\xampp\htdocs\gestionhumana\index.php(37): CodeIgniter\CodeIgniter->run()
#5 {main}
CRITICAL - 03-06-2023 18:56:03 --> Argument 2 passed to CodeIgniter\Database\BaseBuilder::like() must be of the type string, null given, called in C:\xampp\htdocs\gestionhumana\Modules\Solicitudes\Controllers\AjaxSearchControllers.php on line 22
#0 C:\xampp\htdocs\gestionhumana\Modules\Solicitudes\Controllers\AjaxSearchControllers.php(22): CodeIgniter\Database\BaseBuilder->like('nombre_escuela', NULL)
#1 C:\xampp\htdocs\gestionhumana\system\CodeIgniter.php(810): Modules\Solicitudes\Controllers\AjaxSearchControllers->ajaxSearch()
#2 C:\xampp\htdocs\gestionhumana\system\CodeIgniter.php(402): CodeIgniter\CodeIgniter->runController(Object(Modules\Solicitudes\Controllers\AjaxSearchControllers))
#3 C:\xampp\htdocs\gestionhumana\system\CodeIgniter.php(317): CodeIgniter\CodeIgniter->handleRequest(NULL, Object(Config\Cache), false)
#4 C:\xampp\htdocs\gestionhumana\index.php(37): CodeIgniter\CodeIgniter->run()
#5 {main}
CRITICAL - 03-06-2023 19:33:50 --> Argument 2 passed to CodeIgniter\Database\BaseBuilder::like() must be of the type string, null given, called in C:\xampp\htdocs\gestionhumana\Modules\Solicitudes\Controllers\AjaxSearchControllers.php on line 22
#0 C:\xampp\htdocs\gestionhumana\Modules\Solicitudes\Controllers\AjaxSearchControllers.php(22): CodeIgniter\Database\BaseBuilder->like('nombre_escuela', NULL)
#1 C:\xampp\htdocs\gestionhumana\system\CodeIgniter.php(810): Modules\Solicitudes\Controllers\AjaxSearchControllers->ajaxSearch()
#2 C:\xampp\htdocs\gestionhumana\system\CodeIgniter.php(402): CodeIgniter\CodeIgniter->runController(Object(Modules\Solicitudes\Controllers\AjaxSearchControllers))
#3 C:\xampp\htdocs\gestionhumana\system\CodeIgniter.php(317): CodeIgniter\CodeIgniter->handleRequest(NULL, Object(Config\Cache), false)
#4 C:\xampp\htdocs\gestionhumana\index.php(37): CodeIgniter\CodeIgniter->run()
#5 {main}
CRITICAL - 03-06-2023 19:34:20 --> Argument 2 passed to CodeIgniter\Database\BaseBuilder::like() must be of the type string, null given, called in C:\xampp\htdocs\gestionhumana\Modules\Solicitudes\Controllers\AjaxSearchControllers.php on line 22
#0 C:\xampp\htdocs\gestionhumana\Modules\Solicitudes\Controllers\AjaxSearchControllers.php(22): CodeIgniter\Database\BaseBuilder->like('nombre_escuela', NULL)
#1 C:\xampp\htdocs\gestionhumana\system\CodeIgniter.php(810): Modules\Solicitudes\Controllers\AjaxSearchControllers->ajaxSearch()
#2 C:\xampp\htdocs\gestionhumana\system\CodeIgniter.php(402): CodeIgniter\CodeIgniter->runController(Object(Modules\Solicitudes\Controllers\AjaxSearchControllers))
#3 C:\xampp\htdocs\gestionhumana\system\CodeIgniter.php(317): CodeIgniter\CodeIgniter->handleRequest(NULL, Object(Config\Cache), false)
#4 C:\xampp\htdocs\gestionhumana\index.php(37): CodeIgniter\CodeIgniter->run()
#5 {main}
CRITICAL - 03-06-2023 19:46:29 --> Argument 2 passed to CodeIgniter\Database\BaseBuilder::like() must be of the type string, null given, called in C:\xampp\htdocs\gestionhumana\Modules\Solicitudes\Controllers\AjaxSearchControllers.php on line 22
#0 C:\xampp\htdocs\gestionhumana\Modules\Solicitudes\Controllers\AjaxSearchControllers.php(22): CodeIgniter\Database\BaseBuilder->like('nombre_escuela', NULL)
#1 C:\xampp\htdocs\gestionhumana\system\CodeIgniter.php(810): Modules\Solicitudes\Controllers\AjaxSearchControllers->ajaxSearch()
#2 C:\xampp\htdocs\gestionhumana\system\CodeIgniter.php(402): CodeIgniter\CodeIgniter->runController(Object(Modules\Solicitudes\Controllers\AjaxSearchControllers))
#3 C:\xampp\htdocs\gestionhumana\system\CodeIgniter.php(317): CodeIgniter\CodeIgniter->handleRequest(NULL, Object(Config\Cache), false)
#4 C:\xampp\htdocs\gestionhumana\index.php(37): CodeIgniter\CodeIgniter->run()
#5 {main}
