CRITICAL - 16-09-2023 15:48:20 --> Undefined property: stdClass::$codigo_id
#0 C:\xampp\htdocs\gestionhumana\Modules\Solicitudes\Views\form\licencia_view.php(198): CodeIgniter\Debug\Exceptions->errorHandler(8, 'Undefined prope...', 'C:\\xampp\\htdocs...', 198, Array)
#1 C:\xampp\htdocs\gestionhumana\system\View\View.php(214): include('C:\\xampp\\htdocs...')
#2 C:\xampp\htdocs\gestionhumana\system\View\View.php(217): CodeIgniter\View\View->CodeIgniter\View\{closure}()
#3 C:\xampp\htdocs\gestionhumana\system\Common.php(1097): CodeIgniter\View\View->render('Modules\\Solicit...', Array, true)
#4 C:\xampp\htdocs\gestionhumana\Modules\Solicitudes\Controllers\Licencia.php(44): view('Modules\\Solicit...', Array)
#5 C:\xampp\htdocs\gestionhumana\system\CodeIgniter.php(810): Modules\Solicitudes\Controllers\Licencia->admin()
#6 C:\xampp\htdocs\gestionhumana\system\CodeIgniter.php(402): CodeIgniter\CodeIgniter->runController(Object(Modules\Solicitudes\Controllers\Licencia))
#7 C:\xampp\htdocs\gestionhumana\system\CodeIgniter.php(317): CodeIgniter\CodeIgniter->handleRequest(NULL, Object(Config\Cache), false)
#8 C:\xampp\htdocs\gestionhumana\index.php(37): CodeIgniter\CodeIgniter->run()
#9 {main}
CRITICAL - 16-09-2023 15:50:16 --> Argument 2 passed to CodeIgniter\Database\BaseBuilder::like() must be of the type string, null given, called in C:\xampp\htdocs\gestionhumana\Modules\Solicitudes\Controllers\AjaxSearchControllers.php on line 22
#0 C:\xampp\htdocs\gestionhumana\Modules\Solicitudes\Controllers\AjaxSearchControllers.php(22): CodeIgniter\Database\BaseBuilder->like('nombre_escuela', NULL)
#1 C:\xampp\htdocs\gestionhumana\system\CodeIgniter.php(810): Modules\Solicitudes\Controllers\AjaxSearchControllers->ajaxSearch()
#2 C:\xampp\htdocs\gestionhumana\system\CodeIgniter.php(402): CodeIgniter\CodeIgniter->runController(Object(Modules\Solicitudes\Controllers\AjaxSearchControllers))
#3 C:\xampp\htdocs\gestionhumana\system\CodeIgniter.php(317): CodeIgniter\CodeIgniter->handleRequest(NULL, Object(Config\Cache), false)
#4 C:\xampp\htdocs\gestionhumana\index.php(37): CodeIgniter\CodeIgniter->run()
#5 {main}
CRITICAL - 16-09-2023 15:50:57 --> Argument 2 passed to CodeIgniter\Database\BaseBuilder::like() must be of the type string, null given, called in C:\xampp\htdocs\gestionhumana\Modules\Solicitudes\Controllers\AjaxSearchControllers.php on line 22
#0 C:\xampp\htdocs\gestionhumana\Modules\Solicitudes\Controllers\AjaxSearchControllers.php(22): CodeIgniter\Database\BaseBuilder->like('nombre_escuela', NULL)
#1 C:\xampp\htdocs\gestionhumana\system\CodeIgniter.php(810): Modules\Solicitudes\Controllers\AjaxSearchControllers->ajaxSearch()
#2 C:\xampp\htdocs\gestionhumana\system\CodeIgniter.php(402): CodeIgniter\CodeIgniter->runController(Object(Modules\Solicitudes\Controllers\AjaxSearchControllers))
#3 C:\xampp\htdocs\gestionhumana\system\CodeIgniter.php(317): CodeIgniter\CodeIgniter->handleRequest(NULL, Object(Config\Cache), false)
#4 C:\xampp\htdocs\gestionhumana\index.php(37): CodeIgniter\CodeIgniter->run()
#5 {main}
CRITICAL - 16-09-2023 15:59:18 --> Argument 2 passed to CodeIgniter\Database\BaseBuilder::like() must be of the type string, null given, called in C:\xampp\htdocs\gestionhumana\Modules\Solicitudes\Controllers\AjaxSearchControllers.php on line 22
#0 C:\xampp\htdocs\gestionhumana\Modules\Solicitudes\Controllers\AjaxSearchControllers.php(22): CodeIgniter\Database\BaseBuilder->like('nombre_escuela', NULL)
#1 C:\xampp\htdocs\gestionhumana\system\CodeIgniter.php(810): Modules\Solicitudes\Controllers\AjaxSearchControllers->ajaxSearch()
#2 C:\xampp\htdocs\gestionhumana\system\CodeIgniter.php(402): CodeIgniter\CodeIgniter->runController(Object(Modules\Solicitudes\Controllers\AjaxSearchControllers))
#3 C:\xampp\htdocs\gestionhumana\system\CodeIgniter.php(317): CodeIgniter\CodeIgniter->handleRequest(NULL, Object(Config\Cache), false)
#4 C:\xampp\htdocs\gestionhumana\index.php(37): CodeIgniter\CodeIgniter->run()
#5 {main}
CRITICAL - 16-09-2023 16:00:42 --> Argument 2 passed to CodeIgniter\Database\BaseBuilder::like() must be of the type string, null given, called in C:\xampp\htdocs\gestionhumana\Modules\Solicitudes\Controllers\AjaxSearchControllers.php on line 22
#0 C:\xampp\htdocs\gestionhumana\Modules\Solicitudes\Controllers\AjaxSearchControllers.php(22): CodeIgniter\Database\BaseBuilder->like('nombre_escuela', NULL)
#1 C:\xampp\htdocs\gestionhumana\system\CodeIgniter.php(810): Modules\Solicitudes\Controllers\AjaxSearchControllers->ajaxSearch()
#2 C:\xampp\htdocs\gestionhumana\system\CodeIgniter.php(402): CodeIgniter\CodeIgniter->runController(Object(Modules\Solicitudes\Controllers\AjaxSearchControllers))
#3 C:\xampp\htdocs\gestionhumana\system\CodeIgniter.php(317): CodeIgniter\CodeIgniter->handleRequest(NULL, Object(Config\Cache), false)
#4 C:\xampp\htdocs\gestionhumana\index.php(37): CodeIgniter\CodeIgniter->run()
#5 {main}
CRITICAL - 16-09-2023 16:00:49 --> Argument 2 passed to CodeIgniter\Database\BaseBuilder::like() must be of the type string, null given, called in C:\xampp\htdocs\gestionhumana\Modules\Solicitudes\Controllers\AjaxSearchControllers.php on line 22
#0 C:\xampp\htdocs\gestionhumana\Modules\Solicitudes\Controllers\AjaxSearchControllers.php(22): CodeIgniter\Database\BaseBuilder->like('nombre_escuela', NULL)
#1 C:\xampp\htdocs\gestionhumana\system\CodeIgniter.php(810): Modules\Solicitudes\Controllers\AjaxSearchControllers->ajaxSearch()
#2 C:\xampp\htdocs\gestionhumana\system\CodeIgniter.php(402): CodeIgniter\CodeIgniter->runController(Object(Modules\Solicitudes\Controllers\AjaxSearchControllers))
#3 C:\xampp\htdocs\gestionhumana\system\CodeIgniter.php(317): CodeIgniter\CodeIgniter->handleRequest(NULL, Object(Config\Cache), false)
#4 C:\xampp\htdocs\gestionhumana\index.php(37): CodeIgniter\CodeIgniter->run()
#5 {main}
CRITICAL - 16-09-2023 16:12:54 --> Argument 2 passed to CodeIgniter\Database\BaseBuilder::like() must be of the type string, null given, called in C:\xampp\htdocs\gestionhumana\Modules\Solicitudes\Controllers\AjaxSearchControllers.php on line 22
#0 C:\xampp\htdocs\gestionhumana\Modules\Solicitudes\Controllers\AjaxSearchControllers.php(22): CodeIgniter\Database\BaseBuilder->like('nombre_escuela', NULL)
#1 C:\xampp\htdocs\gestionhumana\system\CodeIgniter.php(810): Modules\Solicitudes\Controllers\AjaxSearchControllers->ajaxSearch()
#2 C:\xampp\htdocs\gestionhumana\system\CodeIgniter.php(402): CodeIgniter\CodeIgniter->runController(Object(Modules\Solicitudes\Controllers\AjaxSearchControllers))
#3 C:\xampp\htdocs\gestionhumana\system\CodeIgniter.php(317): CodeIgniter\CodeIgniter->handleRequest(NULL, Object(Config\Cache), false)
#4 C:\xampp\htdocs\gestionhumana\index.php(37): CodeIgniter\CodeIgniter->run()
#5 {main}
CRITICAL - 16-09-2023 16:17:58 --> Argument 2 passed to CodeIgniter\Database\BaseBuilder::like() must be of the type string, null given, called in C:\xampp\htdocs\gestionhumana\Modules\Solicitudes\Controllers\AjaxSearchControllers.php on line 22
#0 C:\xampp\htdocs\gestionhumana\Modules\Solicitudes\Controllers\AjaxSearchControllers.php(22): CodeIgniter\Database\BaseBuilder->like('nombre_escuela', NULL)
#1 C:\xampp\htdocs\gestionhumana\system\CodeIgniter.php(810): Modules\Solicitudes\Controllers\AjaxSearchControllers->ajaxSearch()
#2 C:\xampp\htdocs\gestionhumana\system\CodeIgniter.php(402): CodeIgniter\CodeIgniter->runController(Object(Modules\Solicitudes\Controllers\AjaxSearchControllers))
#3 C:\xampp\htdocs\gestionhumana\system\CodeIgniter.php(317): CodeIgniter\CodeIgniter->handleRequest(NULL, Object(Config\Cache), false)
#4 C:\xampp\htdocs\gestionhumana\index.php(37): CodeIgniter\CodeIgniter->run()
#5 {main}
CRITICAL - 16-09-2023 16:18:00 --> Argument 2 passed to CodeIgniter\Database\BaseBuilder::like() must be of the type string, null given, called in C:\xampp\htdocs\gestionhumana\Modules\Solicitudes\Controllers\AjaxSearchControllers.php on line 22
#0 C:\xampp\htdocs\gestionhumana\Modules\Solicitudes\Controllers\AjaxSearchControllers.php(22): CodeIgniter\Database\BaseBuilder->like('nombre_escuela', NULL)
#1 C:\xampp\htdocs\gestionhumana\system\CodeIgniter.php(810): Modules\Solicitudes\Controllers\AjaxSearchControllers->ajaxSearch()
#2 C:\xampp\htdocs\gestionhumana\system\CodeIgniter.php(402): CodeIgniter\CodeIgniter->runController(Object(Modules\Solicitudes\Controllers\AjaxSearchControllers))
#3 C:\xampp\htdocs\gestionhumana\system\CodeIgniter.php(317): CodeIgniter\CodeIgniter->handleRequest(NULL, Object(Config\Cache), false)
#4 C:\xampp\htdocs\gestionhumana\index.php(37): CodeIgniter\CodeIgniter->run()
#5 {main}
CRITICAL - 16-09-2023 16:26:27 --> Argument 2 passed to CodeIgniter\Database\BaseBuilder::like() must be of the type string, null given, called in C:\xampp\htdocs\gestionhumana\Modules\Solicitudes\Controllers\AjaxSearchControllers.php on line 22
#0 C:\xampp\htdocs\gestionhumana\Modules\Solicitudes\Controllers\AjaxSearchControllers.php(22): CodeIgniter\Database\BaseBuilder->like('nombre_escuela', NULL)
#1 C:\xampp\htdocs\gestionhumana\system\CodeIgniter.php(810): Modules\Solicitudes\Controllers\AjaxSearchControllers->ajaxSearch()
#2 C:\xampp\htdocs\gestionhumana\system\CodeIgniter.php(402): CodeIgniter\CodeIgniter->runController(Object(Modules\Solicitudes\Controllers\AjaxSearchControllers))
#3 C:\xampp\htdocs\gestionhumana\system\CodeIgniter.php(317): CodeIgniter\CodeIgniter->handleRequest(NULL, Object(Config\Cache), false)
#4 C:\xampp\htdocs\gestionhumana\index.php(37): CodeIgniter\CodeIgniter->run()
#5 {main}
CRITICAL - 16-09-2023 16:26:29 --> Argument 2 passed to CodeIgniter\Database\BaseBuilder::like() must be of the type string, null given, called in C:\xampp\htdocs\gestionhumana\Modules\Solicitudes\Controllers\AjaxSearchControllers.php on line 22
#0 C:\xampp\htdocs\gestionhumana\Modules\Solicitudes\Controllers\AjaxSearchControllers.php(22): CodeIgniter\Database\BaseBuilder->like('nombre_escuela', NULL)
#1 C:\xampp\htdocs\gestionhumana\system\CodeIgniter.php(810): Modules\Solicitudes\Controllers\AjaxSearchControllers->ajaxSearch()
#2 C:\xampp\htdocs\gestionhumana\system\CodeIgniter.php(402): CodeIgniter\CodeIgniter->runController(Object(Modules\Solicitudes\Controllers\AjaxSearchControllers))
#3 C:\xampp\htdocs\gestionhumana\system\CodeIgniter.php(317): CodeIgniter\CodeIgniter->handleRequest(NULL, Object(Config\Cache), false)
#4 C:\xampp\htdocs\gestionhumana\index.php(37): CodeIgniter\CodeIgniter->run()
#5 {main}
CRITICAL - 16-09-2023 16:26:30 --> Argument 2 passed to CodeIgniter\Database\BaseBuilder::like() must be of the type string, null given, called in C:\xampp\htdocs\gestionhumana\Modules\Solicitudes\Controllers\AjaxSearchControllers.php on line 22
#0 C:\xampp\htdocs\gestionhumana\Modules\Solicitudes\Controllers\AjaxSearchControllers.php(22): CodeIgniter\Database\BaseBuilder->like('nombre_escuela', NULL)
#1 C:\xampp\htdocs\gestionhumana\system\CodeIgniter.php(810): Modules\Solicitudes\Controllers\AjaxSearchControllers->ajaxSearch()
#2 C:\xampp\htdocs\gestionhumana\system\CodeIgniter.php(402): CodeIgniter\CodeIgniter->runController(Object(Modules\Solicitudes\Controllers\AjaxSearchControllers))
#3 C:\xampp\htdocs\gestionhumana\system\CodeIgniter.php(317): CodeIgniter\CodeIgniter->handleRequest(NULL, Object(Config\Cache), false)
#4 C:\xampp\htdocs\gestionhumana\index.php(37): CodeIgniter\CodeIgniter->run()
#5 {main}
CRITICAL - 16-09-2023 16:26:31 --> Argument 2 passed to CodeIgniter\Database\BaseBuilder::like() must be of the type string, null given, called in C:\xampp\htdocs\gestionhumana\Modules\Solicitudes\Controllers\AjaxSearchControllers.php on line 22
#0 C:\xampp\htdocs\gestionhumana\Modules\Solicitudes\Controllers\AjaxSearchControllers.php(22): CodeIgniter\Database\BaseBuilder->like('nombre_escuela', NULL)
#1 C:\xampp\htdocs\gestionhumana\system\CodeIgniter.php(810): Modules\Solicitudes\Controllers\AjaxSearchControllers->ajaxSearch()
#2 C:\xampp\htdocs\gestionhumana\system\CodeIgniter.php(402): CodeIgniter\CodeIgniter->runController(Object(Modules\Solicitudes\Controllers\AjaxSearchControllers))
#3 C:\xampp\htdocs\gestionhumana\system\CodeIgniter.php(317): CodeIgniter\CodeIgniter->handleRequest(NULL, Object(Config\Cache), false)
#4 C:\xampp\htdocs\gestionhumana\index.php(37): CodeIgniter\CodeIgniter->run()
#5 {main}
CRITICAL - 16-09-2023 16:26:33 --> Argument 2 passed to CodeIgniter\Database\BaseBuilder::like() must be of the type string, null given, called in C:\xampp\htdocs\gestionhumana\Modules\Solicitudes\Controllers\AjaxSearchControllers.php on line 22
#0 C:\xampp\htdocs\gestionhumana\Modules\Solicitudes\Controllers\AjaxSearchControllers.php(22): CodeIgniter\Database\BaseBuilder->like('nombre_escuela', NULL)
#1 C:\xampp\htdocs\gestionhumana\system\CodeIgniter.php(810): Modules\Solicitudes\Controllers\AjaxSearchControllers->ajaxSearch()
#2 C:\xampp\htdocs\gestionhumana\system\CodeIgniter.php(402): CodeIgniter\CodeIgniter->runController(Object(Modules\Solicitudes\Controllers\AjaxSearchControllers))
#3 C:\xampp\htdocs\gestionhumana\system\CodeIgniter.php(317): CodeIgniter\CodeIgniter->handleRequest(NULL, Object(Config\Cache), false)
#4 C:\xampp\htdocs\gestionhumana\index.php(37): CodeIgniter\CodeIgniter->run()
#5 {main}
CRITICAL - 16-09-2023 16:26:34 --> Argument 2 passed to CodeIgniter\Database\BaseBuilder::like() must be of the type string, null given, called in C:\xampp\htdocs\gestionhumana\Modules\Solicitudes\Controllers\AjaxSearchControllers.php on line 22
#0 C:\xampp\htdocs\gestionhumana\Modules\Solicitudes\Controllers\AjaxSearchControllers.php(22): CodeIgniter\Database\BaseBuilder->like('nombre_escuela', NULL)
#1 C:\xampp\htdocs\gestionhumana\system\CodeIgniter.php(810): Modules\Solicitudes\Controllers\AjaxSearchControllers->ajaxSearch()
#2 C:\xampp\htdocs\gestionhumana\system\CodeIgniter.php(402): CodeIgniter\CodeIgniter->runController(Object(Modules\Solicitudes\Controllers\AjaxSearchControllers))
#3 C:\xampp\htdocs\gestionhumana\system\CodeIgniter.php(317): CodeIgniter\CodeIgniter->handleRequest(NULL, Object(Config\Cache), false)
#4 C:\xampp\htdocs\gestionhumana\index.php(37): CodeIgniter\CodeIgniter->run()
#5 {main}
CRITICAL - 16-09-2023 16:26:34 --> Argument 2 passed to CodeIgniter\Database\BaseBuilder::like() must be of the type string, null given, called in C:\xampp\htdocs\gestionhumana\Modules\Solicitudes\Controllers\AjaxSearchControllers.php on line 22
#0 C:\xampp\htdocs\gestionhumana\Modules\Solicitudes\Controllers\AjaxSearchControllers.php(22): CodeIgniter\Database\BaseBuilder->like('nombre_escuela', NULL)
#1 C:\xampp\htdocs\gestionhumana\system\CodeIgniter.php(810): Modules\Solicitudes\Controllers\AjaxSearchControllers->ajaxSearch()
#2 C:\xampp\htdocs\gestionhumana\system\CodeIgniter.php(402): CodeIgniter\CodeIgniter->runController(Object(Modules\Solicitudes\Controllers\AjaxSearchControllers))
#3 C:\xampp\htdocs\gestionhumana\system\CodeIgniter.php(317): CodeIgniter\CodeIgniter->handleRequest(NULL, Object(Config\Cache), false)
#4 C:\xampp\htdocs\gestionhumana\index.php(37): CodeIgniter\CodeIgniter->run()
#5 {main}
CRITICAL - 16-09-2023 16:26:35 --> Argument 2 passed to CodeIgniter\Database\BaseBuilder::like() must be of the type string, null given, called in C:\xampp\htdocs\gestionhumana\Modules\Solicitudes\Controllers\AjaxSearchControllers.php on line 22
#0 C:\xampp\htdocs\gestionhumana\Modules\Solicitudes\Controllers\AjaxSearchControllers.php(22): CodeIgniter\Database\BaseBuilder->like('nombre_escuela', NULL)
#1 C:\xampp\htdocs\gestionhumana\system\CodeIgniter.php(810): Modules\Solicitudes\Controllers\AjaxSearchControllers->ajaxSearch()
#2 C:\xampp\htdocs\gestionhumana\system\CodeIgniter.php(402): CodeIgniter\CodeIgniter->runController(Object(Modules\Solicitudes\Controllers\AjaxSearchControllers))
#3 C:\xampp\htdocs\gestionhumana\system\CodeIgniter.php(317): CodeIgniter\CodeIgniter->handleRequest(NULL, Object(Config\Cache), false)
#4 C:\xampp\htdocs\gestionhumana\index.php(37): CodeIgniter\CodeIgniter->run()
#5 {main}
CRITICAL - 16-09-2023 16:26:36 --> Argument 2 passed to CodeIgniter\Database\BaseBuilder::like() must be of the type string, null given, called in C:\xampp\htdocs\gestionhumana\Modules\Solicitudes\Controllers\AjaxSearchControllers.php on line 22
#0 C:\xampp\htdocs\gestionhumana\Modules\Solicitudes\Controllers\AjaxSearchControllers.php(22): CodeIgniter\Database\BaseBuilder->like('nombre_escuela', NULL)
#1 C:\xampp\htdocs\gestionhumana\system\CodeIgniter.php(810): Modules\Solicitudes\Controllers\AjaxSearchControllers->ajaxSearch()
#2 C:\xampp\htdocs\gestionhumana\system\CodeIgniter.php(402): CodeIgniter\CodeIgniter->runController(Object(Modules\Solicitudes\Controllers\AjaxSearchControllers))
#3 C:\xampp\htdocs\gestionhumana\system\CodeIgniter.php(317): CodeIgniter\CodeIgniter->handleRequest(NULL, Object(Config\Cache), false)
#4 C:\xampp\htdocs\gestionhumana\index.php(37): CodeIgniter\CodeIgniter->run()
#5 {main}
CRITICAL - 16-09-2023 16:26:37 --> Argument 2 passed to CodeIgniter\Database\BaseBuilder::like() must be of the type string, null given, called in C:\xampp\htdocs\gestionhumana\Modules\Solicitudes\Controllers\AjaxSearchControllers.php on line 22
#0 C:\xampp\htdocs\gestionhumana\Modules\Solicitudes\Controllers\AjaxSearchControllers.php(22): CodeIgniter\Database\BaseBuilder->like('nombre_escuela', NULL)
#1 C:\xampp\htdocs\gestionhumana\system\CodeIgniter.php(810): Modules\Solicitudes\Controllers\AjaxSearchControllers->ajaxSearch()
#2 C:\xampp\htdocs\gestionhumana\system\CodeIgniter.php(402): CodeIgniter\CodeIgniter->runController(Object(Modules\Solicitudes\Controllers\AjaxSearchControllers))
#3 C:\xampp\htdocs\gestionhumana\system\CodeIgniter.php(317): CodeIgniter\CodeIgniter->handleRequest(NULL, Object(Config\Cache), false)
#4 C:\xampp\htdocs\gestionhumana\index.php(37): CodeIgniter\CodeIgniter->run()
#5 {main}
CRITICAL - 16-09-2023 16:26:39 --> Argument 2 passed to CodeIgniter\Database\BaseBuilder::like() must be of the type string, null given, called in C:\xampp\htdocs\gestionhumana\Modules\Solicitudes\Controllers\AjaxSearchControllers.php on line 22
#0 C:\xampp\htdocs\gestionhumana\Modules\Solicitudes\Controllers\AjaxSearchControllers.php(22): CodeIgniter\Database\BaseBuilder->like('nombre_escuela', NULL)
#1 C:\xampp\htdocs\gestionhumana\system\CodeIgniter.php(810): Modules\Solicitudes\Controllers\AjaxSearchControllers->ajaxSearch()
#2 C:\xampp\htdocs\gestionhumana\system\CodeIgniter.php(402): CodeIgniter\CodeIgniter->runController(Object(Modules\Solicitudes\Controllers\AjaxSearchControllers))
#3 C:\xampp\htdocs\gestionhumana\system\CodeIgniter.php(317): CodeIgniter\CodeIgniter->handleRequest(NULL, Object(Config\Cache), false)
#4 C:\xampp\htdocs\gestionhumana\index.php(37): CodeIgniter\CodeIgniter->run()
#5 {main}
CRITICAL - 16-09-2023 16:26:39 --> Argument 2 passed to CodeIgniter\Database\BaseBuilder::like() must be of the type string, null given, called in C:\xampp\htdocs\gestionhumana\Modules\Solicitudes\Controllers\AjaxSearchControllers.php on line 22
#0 C:\xampp\htdocs\gestionhumana\Modules\Solicitudes\Controllers\AjaxSearchControllers.php(22): CodeIgniter\Database\BaseBuilder->like('nombre_escuela', NULL)
#1 C:\xampp\htdocs\gestionhumana\system\CodeIgniter.php(810): Modules\Solicitudes\Controllers\AjaxSearchControllers->ajaxSearch()
#2 C:\xampp\htdocs\gestionhumana\system\CodeIgniter.php(402): CodeIgniter\CodeIgniter->runController(Object(Modules\Solicitudes\Controllers\AjaxSearchControllers))
#3 C:\xampp\htdocs\gestionhumana\system\CodeIgniter.php(317): CodeIgniter\CodeIgniter->handleRequest(NULL, Object(Config\Cache), false)
#4 C:\xampp\htdocs\gestionhumana\index.php(37): CodeIgniter\CodeIgniter->run()
#5 {main}
CRITICAL - 16-09-2023 16:26:58 --> Argument 2 passed to CodeIgniter\Database\BaseBuilder::like() must be of the type string, null given, called in C:\xampp\htdocs\gestionhumana\Modules\Solicitudes\Controllers\AjaxSearchControllers.php on line 22
#0 C:\xampp\htdocs\gestionhumana\Modules\Solicitudes\Controllers\AjaxSearchControllers.php(22): CodeIgniter\Database\BaseBuilder->like('nombre_escuela', NULL)
#1 C:\xampp\htdocs\gestionhumana\system\CodeIgniter.php(810): Modules\Solicitudes\Controllers\AjaxSearchControllers->ajaxSearch()
#2 C:\xampp\htdocs\gestionhumana\system\CodeIgniter.php(402): CodeIgniter\CodeIgniter->runController(Object(Modules\Solicitudes\Controllers\AjaxSearchControllers))
#3 C:\xampp\htdocs\gestionhumana\system\CodeIgniter.php(317): CodeIgniter\CodeIgniter->handleRequest(NULL, Object(Config\Cache), false)
#4 C:\xampp\htdocs\gestionhumana\index.php(37): CodeIgniter\CodeIgniter->run()
#5 {main}
CRITICAL - 16-09-2023 16:30:40 --> Undefined property: stdClass::$codigo
#0 C:\xampp\htdocs\gestionhumana\Modules\Solicitudes\Views\form\renuncia_view.php(210): CodeIgniter\Debug\Exceptions->errorHandler(8, 'Undefined prope...', 'C:\\xampp\\htdocs...', 210, Array)
#1 C:\xampp\htdocs\gestionhumana\system\View\View.php(214): include('C:\\xampp\\htdocs...')
#2 C:\xampp\htdocs\gestionhumana\system\View\View.php(217): CodeIgniter\View\View->CodeIgniter\View\{closure}()
#3 C:\xampp\htdocs\gestionhumana\system\Common.php(1097): CodeIgniter\View\View->render('Modules\\Solicit...', Array, true)
#4 C:\xampp\htdocs\gestionhumana\Modules\Solicitudes\Controllers\Renuncia.php(22): view('Modules\\Solicit...', Array)
#5 C:\xampp\htdocs\gestionhumana\system\CodeIgniter.php(810): Modules\Solicitudes\Controllers\Renuncia->index()
#6 C:\xampp\htdocs\gestionhumana\system\CodeIgniter.php(402): CodeIgniter\CodeIgniter->runController(Object(Modules\Solicitudes\Controllers\Renuncia))
#7 C:\xampp\htdocs\gestionhumana\system\CodeIgniter.php(317): CodeIgniter\CodeIgniter->handleRequest(NULL, Object(Config\Cache), false)
#8 C:\xampp\htdocs\gestionhumana\index.php(37): CodeIgniter\CodeIgniter->run()
#9 {main}
CRITICAL - 16-09-2023 16:32:07 --> Undefined property: stdClass::$codigo
#0 C:\xampp\htdocs\gestionhumana\Modules\Solicitudes\Views\form\renuncia_view.php(210): CodeIgniter\Debug\Exceptions->errorHandler(8, 'Undefined prope...', 'C:\\xampp\\htdocs...', 210, Array)
#1 C:\xampp\htdocs\gestionhumana\system\View\View.php(214): include('C:\\xampp\\htdocs...')
#2 C:\xampp\htdocs\gestionhumana\system\View\View.php(217): CodeIgniter\View\View->CodeIgniter\View\{closure}()
#3 C:\xampp\htdocs\gestionhumana\system\Common.php(1097): CodeIgniter\View\View->render('Modules\\Solicit...', Array, true)
#4 C:\xampp\htdocs\gestionhumana\Modules\Solicitudes\Controllers\Renuncia.php(22): view('Modules\\Solicit...', Array)
#5 C:\xampp\htdocs\gestionhumana\system\CodeIgniter.php(810): Modules\Solicitudes\Controllers\Renuncia->index()
#6 C:\xampp\htdocs\gestionhumana\system\CodeIgniter.php(402): CodeIgniter\CodeIgniter->runController(Object(Modules\Solicitudes\Controllers\Renuncia))
#7 C:\xampp\htdocs\gestionhumana\system\CodeIgniter.php(317): CodeIgniter\CodeIgniter->handleRequest(NULL, Object(Config\Cache), false)
#8 C:\xampp\htdocs\gestionhumana\index.php(37): CodeIgniter\CodeIgniter->run()
#9 {main}
CRITICAL - 16-09-2023 16:32:29 --> Argument 2 passed to CodeIgniter\Database\BaseBuilder::like() must be of the type string, null given, called in C:\xampp\htdocs\gestionhumana\Modules\Solicitudes\Controllers\AjaxSearchControllers.php on line 22
#0 C:\xampp\htdocs\gestionhumana\Modules\Solicitudes\Controllers\AjaxSearchControllers.php(22): CodeIgniter\Database\BaseBuilder->like('nombre_escuela', NULL)
#1 C:\xampp\htdocs\gestionhumana\system\CodeIgniter.php(810): Modules\Solicitudes\Controllers\AjaxSearchControllers->ajaxSearch()
#2 C:\xampp\htdocs\gestionhumana\system\CodeIgniter.php(402): CodeIgniter\CodeIgniter->runController(Object(Modules\Solicitudes\Controllers\AjaxSearchControllers))
#3 C:\xampp\htdocs\gestionhumana\system\CodeIgniter.php(317): CodeIgniter\CodeIgniter->handleRequest(NULL, Object(Config\Cache), false)
#4 C:\xampp\htdocs\gestionhumana\index.php(37): CodeIgniter\CodeIgniter->run()
#5 {main}
CRITICAL - 16-09-2023 16:33:25 --> Argument 2 passed to CodeIgniter\Database\BaseBuilder::like() must be of the type string, null given, called in C:\xampp\htdocs\gestionhumana\Modules\Solicitudes\Controllers\AjaxSearchControllers.php on line 22
#0 C:\xampp\htdocs\gestionhumana\Modules\Solicitudes\Controllers\AjaxSearchControllers.php(22): CodeIgniter\Database\BaseBuilder->like('nombre_escuela', NULL)
#1 C:\xampp\htdocs\gestionhumana\system\CodeIgniter.php(810): Modules\Solicitudes\Controllers\AjaxSearchControllers->ajaxSearch()
#2 C:\xampp\htdocs\gestionhumana\system\CodeIgniter.php(402): CodeIgniter\CodeIgniter->runController(Object(Modules\Solicitudes\Controllers\AjaxSearchControllers))
#3 C:\xampp\htdocs\gestionhumana\system\CodeIgniter.php(317): CodeIgniter\CodeIgniter->handleRequest(NULL, Object(Config\Cache), false)
#4 C:\xampp\htdocs\gestionhumana\index.php(37): CodeIgniter\CodeIgniter->run()
#5 {main}
CRITICAL - 16-09-2023 16:33:27 --> Argument 2 passed to CodeIgniter\Database\BaseBuilder::like() must be of the type string, null given, called in C:\xampp\htdocs\gestionhumana\Modules\Solicitudes\Controllers\AjaxSearchControllers.php on line 22
#0 C:\xampp\htdocs\gestionhumana\Modules\Solicitudes\Controllers\AjaxSearchControllers.php(22): CodeIgniter\Database\BaseBuilder->like('nombre_escuela', NULL)
#1 C:\xampp\htdocs\gestionhumana\system\CodeIgniter.php(810): Modules\Solicitudes\Controllers\AjaxSearchControllers->ajaxSearch()
#2 C:\xampp\htdocs\gestionhumana\system\CodeIgniter.php(402): CodeIgniter\CodeIgniter->runController(Object(Modules\Solicitudes\Controllers\AjaxSearchControllers))
#3 C:\xampp\htdocs\gestionhumana\system\CodeIgniter.php(317): CodeIgniter\CodeIgniter->handleRequest(NULL, Object(Config\Cache), false)
#4 C:\xampp\htdocs\gestionhumana\index.php(37): CodeIgniter\CodeIgniter->run()
#5 {main}
CRITICAL - 16-09-2023 16:34:33 --> Argument 2 passed to CodeIgniter\Database\BaseBuilder::like() must be of the type string, null given, called in C:\xampp\htdocs\gestionhumana\Modules\Solicitudes\Controllers\AjaxSearchControllers.php on line 22
#0 C:\xampp\htdocs\gestionhumana\Modules\Solicitudes\Controllers\AjaxSearchControllers.php(22): CodeIgniter\Database\BaseBuilder->like('nombre_escuela', NULL)
#1 C:\xampp\htdocs\gestionhumana\system\CodeIgniter.php(810): Modules\Solicitudes\Controllers\AjaxSearchControllers->ajaxSearch()
#2 C:\xampp\htdocs\gestionhumana\system\CodeIgniter.php(402): CodeIgniter\CodeIgniter->runController(Object(Modules\Solicitudes\Controllers\AjaxSearchControllers))
#3 C:\xampp\htdocs\gestionhumana\system\CodeIgniter.php(317): CodeIgniter\CodeIgniter->handleRequest(NULL, Object(Config\Cache), false)
#4 C:\xampp\htdocs\gestionhumana\index.php(37): CodeIgniter\CodeIgniter->run()
#5 {main}
