CRITICAL - 29-08-2022 16:04:50 --> Undefined variable: faltante
#0 C:\xampp2\htdocs\gestionhumana\Modules\Login\Views\admin.php(60): CodeIgniter\Debug\Exceptions->errorHandler(8, 'Undefined varia...', 'C:\\xampp2\\htdoc...', 60, Array)
#1 C:\xampp2\htdocs\gestionhumana\system\View\View.php(214): include('C:\\xampp2\\htdoc...')
#2 C:\xampp2\htdocs\gestionhumana\system\View\View.php(217): CodeIgniter\View\View->CodeIgniter\View\{closure}()
#3 C:\xampp2\htdocs\gestionhumana\system\Common.php(1097): CodeIgniter\View\View->render('Modules\\Login\\V...', Array, true)
#4 C:\xampp2\htdocs\gestionhumana\Modules\Login\Controllers\Admin.php(17): view('Modules\\Login\\V...', Array)
#5 C:\xampp2\htdocs\gestionhumana\system\CodeIgniter.php(810): Modules\Login\Controllers\Admin->index()
#6 C:\xampp2\htdocs\gestionhumana\system\CodeIgniter.php(402): CodeIgniter\CodeIgniter->runController(Object(Modules\Login\Controllers\Admin))
#7 C:\xampp2\htdocs\gestionhumana\system\CodeIgniter.php(317): CodeIgniter\CodeIgniter->handleRequest(NULL, Object(Config\Cache), false)
#8 C:\xampp2\htdocs\gestionhumana\index.php(37): CodeIgniter\CodeIgniter->run()
#9 {main}
CRITICAL - 29-08-2022 16:05:14 --> Undefined property: mysqli::$nombre
#0 C:\xampp2\htdocs\gestionhumana\Modules\Login\Views\admin.php(61): CodeIgniter\Debug\Exceptions->errorHandler(8, 'Undefined prope...', 'C:\\xampp2\\htdoc...', 61, Array)
#1 C:\xampp2\htdocs\gestionhumana\system\View\View.php(214): include('C:\\xampp2\\htdoc...')
#2 C:\xampp2\htdocs\gestionhumana\system\View\View.php(217): CodeIgniter\View\View->CodeIgniter\View\{closure}()
#3 C:\xampp2\htdocs\gestionhumana\system\Common.php(1097): CodeIgniter\View\View->render('Modules\\Login\\V...', Array, true)
#4 C:\xampp2\htdocs\gestionhumana\Modules\Login\Controllers\Admin.php(17): view('Modules\\Login\\V...', Array)
#5 C:\xampp2\htdocs\gestionhumana\system\CodeIgniter.php(810): Modules\Login\Controllers\Admin->index()
#6 C:\xampp2\htdocs\gestionhumana\system\CodeIgniter.php(402): CodeIgniter\CodeIgniter->runController(Object(Modules\Login\Controllers\Admin))
#7 C:\xampp2\htdocs\gestionhumana\system\CodeIgniter.php(317): CodeIgniter\CodeIgniter->handleRequest(NULL, Object(Config\Cache), false)
#8 C:\xampp2\htdocs\gestionhumana\index.php(37): CodeIgniter\CodeIgniter->run()
#9 {main}
CRITICAL - 29-08-2022 16:45:12 --> Undefined property: stdClass::$fechaini
#0 C:\xampp2\htdocs\gestionhumana\Modules\Login\Views\admin.php(81): CodeIgniter\Debug\Exceptions->errorHandler(8, 'Undefined prope...', 'C:\\xampp2\\htdoc...', 81, Array)
#1 C:\xampp2\htdocs\gestionhumana\system\View\View.php(214): include('C:\\xampp2\\htdoc...')
#2 C:\xampp2\htdocs\gestionhumana\system\View\View.php(217): CodeIgniter\View\View->CodeIgniter\View\{closure}()
#3 C:\xampp2\htdocs\gestionhumana\system\Common.php(1097): CodeIgniter\View\View->render('Modules\\Login\\V...', Array, true)
#4 C:\xampp2\htdocs\gestionhumana\Modules\Login\Controllers\Admin.php(18): view('Modules\\Login\\V...', Array)
#5 C:\xampp2\htdocs\gestionhumana\system\CodeIgniter.php(810): Modules\Login\Controllers\Admin->index()
#6 C:\xampp2\htdocs\gestionhumana\system\CodeIgniter.php(402): CodeIgniter\CodeIgniter->runController(Object(Modules\Login\Controllers\Admin))
#7 C:\xampp2\htdocs\gestionhumana\system\CodeIgniter.php(317): CodeIgniter\CodeIgniter->handleRequest(NULL, Object(Config\Cache), false)
#8 C:\xampp2\htdocs\gestionhumana\index.php(37): CodeIgniter\CodeIgniter->run()
#9 {main}
