CRITICAL - 24-08-2022 14:09:28 --> Call to undefined function Modules\Solicitudes\Controllers\export()
#0 C:\xampp2\htdocs\gestionhumana\system\CodeIgniter.php(810): Modules\Solicitudes\Controllers\Inclusion_reporte->index()
#1 C:\xampp2\htdocs\gestionhumana\system\CodeIgniter.php(402): CodeIgniter\CodeIgniter->runController(Object(Modules\Solicitudes\Controllers\Inclusion_reporte))
#2 C:\xampp2\htdocs\gestionhumana\system\CodeIgniter.php(317): CodeIgniter\CodeIgniter->handleRequest(NULL, Object(Config\Cache), false)
#3 C:\xampp2\htdocs\gestionhumana\index.php(37): CodeIgniter\CodeIgniter->run()
#4 {main}
CRITICAL - 24-08-2022 14:15:38 --> Call to undefined function Modules\Solicitudes\Controllers\export()
#0 C:\xampp2\htdocs\gestionhumana\system\CodeIgniter.php(810): Modules\Solicitudes\Controllers\Inclusion_reporte->index()
#1 C:\xampp2\htdocs\gestionhumana\system\CodeIgniter.php(402): CodeIgniter\CodeIgniter->runController(Object(Modules\Solicitudes\Controllers\Inclusion_reporte))
#2 C:\xampp2\htdocs\gestionhumana\system\CodeIgniter.php(317): CodeIgniter\CodeIgniter->handleRequest(NULL, Object(Config\Cache), false)
#3 C:\xampp2\htdocs\gestionhumana\index.php(37): CodeIgniter\CodeIgniter->run()
#4 {main}
CRITICAL - 24-08-2022 14:15:45 --> Call to undefined function Modules\Solicitudes\Controllers\export()
#0 C:\xampp2\htdocs\gestionhumana\system\CodeIgniter.php(810): Modules\Solicitudes\Controllers\Inclusion_reporte->index()
#1 C:\xampp2\htdocs\gestionhumana\system\CodeIgniter.php(402): CodeIgniter\CodeIgniter->runController(Object(Modules\Solicitudes\Controllers\Inclusion_reporte))
#2 C:\xampp2\htdocs\gestionhumana\system\CodeIgniter.php(317): CodeIgniter\CodeIgniter->handleRequest(NULL, Object(Config\Cache), false)
#3 C:\xampp2\htdocs\gestionhumana\index.php(37): CodeIgniter\CodeIgniter->run()
#4 {main}
CRITICAL - 24-08-2022 14:24:06 --> ini_set(): Headers already sent. You cannot change the session module's ini settings at this time
#0 [internal function]: CodeIgniter\Debug\Exceptions->errorHandler(2, 'ini_set(): Head...', 'C:\\xampp2\\htdoc...', 71, Array)
#1 C:\xampp2\htdocs\gestionhumana\system\Session\Handlers\FileHandler.php(71): ini_set('session.save_pa...', 'C:\\xampp2\\htdoc...')
#2 C:\xampp2\htdocs\gestionhumana\system\Config\Services.php(570): CodeIgniter\Session\Handlers\FileHandler->__construct(Object(Config\App), '::1')
#3 C:\xampp2\htdocs\gestionhumana\system\Config\BaseService.php(248): CodeIgniter\Config\Services::session(Object(Config\App), false)
#4 C:\xampp2\htdocs\gestionhumana\system\Config\BaseService.php(189): CodeIgniter\Config\BaseService::__callStatic('session', Array)
#5 C:\xampp2\htdocs\gestionhumana\system\Config\Services.php(563): CodeIgniter\Config\BaseService::getSharedInstance('session', NULL)
#6 C:\xampp2\htdocs\gestionhumana\system\Config\BaseService.php(248): CodeIgniter\Config\Services::session()
#7 C:\xampp2\htdocs\gestionhumana\system\Common.php(909): CodeIgniter\Config\BaseService::__callStatic('session', Array)
#8 C:\xampp2\htdocs\gestionhumana\Modules\Solicitudes\Views\menu\menu_admin.php(2): session('nombre')
#9 C:\xampp2\htdocs\gestionhumana\system\View\View.php(214): include('C:\\xampp2\\htdoc...')
#10 C:\xampp2\htdocs\gestionhumana\system\View\View.php(217): CodeIgniter\View\View->CodeIgniter\View\{closure}()
#11 C:\xampp2\htdocs\gestionhumana\system\Common.php(1097): CodeIgniter\View\View->render('Modules\\Solicit...', Array, true)
#12 C:\xampp2\htdocs\gestionhumana\Modules\Solicitudes\Controllers\Inclusion_reporte.php(35): view('Modules\\Solicit...')
#13 C:\xampp2\htdocs\gestionhumana\Modules\Solicitudes\Controllers\Inclusion_reporte.php(22): Modules\Solicitudes\Controllers\Inclusion_reporte->reporte('2022-01-24', '2022-08-24')
#14 C:\xampp2\htdocs\gestionhumana\system\CodeIgniter.php(810): Modules\Solicitudes\Controllers\Inclusion_reporte->index()
#15 C:\xampp2\htdocs\gestionhumana\system\CodeIgniter.php(402): CodeIgniter\CodeIgniter->runController(Object(Modules\Solicitudes\Controllers\Inclusion_reporte))
#16 C:\xampp2\htdocs\gestionhumana\system\CodeIgniter.php(317): CodeIgniter\CodeIgniter->handleRequest(NULL, Object(Config\Cache), false)
#17 C:\xampp2\htdocs\gestionhumana\index.php(37): CodeIgniter\CodeIgniter->run()
#18 {main}
CRITICAL - 24-08-2022 14:24:06 --> Uncaught ErrorException: Cannot modify header information - headers already sent in C:\xampp2\htdocs\gestionhumana\system\Debug\Exceptions.php:107
Stack trace:
#0 [internal function]: CodeIgniter\Debug\Exceptions->errorHandler(2, 'Cannot modify h...', 'C:\\xampp2\\htdoc...', 107, Array)
#1 C:\xampp2\htdocs\gestionhumana\system\Debug\Exceptions.php(107): header('HTTP/1.1 500 In...', true, 500)
#2 [internal function]: CodeIgniter\Debug\Exceptions->exceptionHandler(Object(ErrorException))
#3 {main}
  thrown
#0 [internal function]: CodeIgniter\Debug\Exceptions->shutdownHandler()
#1 {main}
CRITICAL - 24-08-2022 16:17:08 --> Undefined variable: inclusion
#0 C:\xampp2\htdocs\gestionhumana\Modules\Solicitudes\Views\reporte\pension.php(46): CodeIgniter\Debug\Exceptions->errorHandler(8, 'Undefined varia...', 'C:\\xampp2\\htdoc...', 46, Array)
#1 C:\xampp2\htdocs\gestionhumana\system\View\View.php(214): include('C:\\xampp2\\htdoc...')
#2 C:\xampp2\htdocs\gestionhumana\system\View\View.php(217): CodeIgniter\View\View->CodeIgniter\View\{closure}()
#3 C:\xampp2\htdocs\gestionhumana\system\Common.php(1097): CodeIgniter\View\View->render('Modules\\Solicit...', Array, true)
#4 C:\xampp2\htdocs\gestionhumana\Modules\Solicitudes\Controllers\Pensiones_reporte.php(30): view('Modules\\Solicit...', Array)
#5 C:\xampp2\htdocs\gestionhumana\system\CodeIgniter.php(810): Modules\Solicitudes\Controllers\Pensiones_reporte->index()
#6 C:\xampp2\htdocs\gestionhumana\system\CodeIgniter.php(402): CodeIgniter\CodeIgniter->runController(Object(Modules\Solicitudes\Controllers\Pensiones_reporte))
#7 C:\xampp2\htdocs\gestionhumana\system\CodeIgniter.php(317): CodeIgniter\CodeIgniter->handleRequest(NULL, Object(Config\Cache), false)
#8 C:\xampp2\htdocs\gestionhumana\index.php(37): CodeIgniter\CodeIgniter->run()
#9 {main}
CRITICAL - 24-08-2022 16:18:03 --> Undefined property: stdClass::$fecha
#0 C:\xampp2\htdocs\gestionhumana\Modules\Solicitudes\Views\reporte\pension.php(49): CodeIgniter\Debug\Exceptions->errorHandler(8, 'Undefined prope...', 'C:\\xampp2\\htdoc...', 49, Array)
#1 C:\xampp2\htdocs\gestionhumana\system\View\View.php(214): include('C:\\xampp2\\htdoc...')
#2 C:\xampp2\htdocs\gestionhumana\system\View\View.php(217): CodeIgniter\View\View->CodeIgniter\View\{closure}()
#3 C:\xampp2\htdocs\gestionhumana\system\Common.php(1097): CodeIgniter\View\View->render('Modules\\Solicit...', Array, true)
#4 C:\xampp2\htdocs\gestionhumana\Modules\Solicitudes\Controllers\Pensiones_reporte.php(30): view('Modules\\Solicit...', Array)
#5 C:\xampp2\htdocs\gestionhumana\system\CodeIgniter.php(810): Modules\Solicitudes\Controllers\Pensiones_reporte->index()
#6 C:\xampp2\htdocs\gestionhumana\system\CodeIgniter.php(402): CodeIgniter\CodeIgniter->runController(Object(Modules\Solicitudes\Controllers\Pensiones_reporte))
#7 C:\xampp2\htdocs\gestionhumana\system\CodeIgniter.php(317): CodeIgniter\CodeIgniter->handleRequest(NULL, Object(Config\Cache), false)
#8 C:\xampp2\htdocs\gestionhumana\index.php(37): CodeIgniter\CodeIgniter->run()
#9 {main}
CRITICAL - 24-08-2022 16:18:47 --> Call to undefined method Modules\Solicitudes\Models\Inclusion_Model::reportePension
#0 C:\xampp2\htdocs\gestionhumana\Modules\Solicitudes\Controllers\Pensiones_reporte.php(38): CodeIgniter\Model->__call('reportePension', Array)
#1 C:\xampp2\htdocs\gestionhumana\Modules\Solicitudes\Controllers\Pensiones_reporte.php(21): Modules\Solicitudes\Controllers\Pensiones_reporte->export('', '')
#2 C:\xampp2\htdocs\gestionhumana\system\CodeIgniter.php(810): Modules\Solicitudes\Controllers\Pensiones_reporte->index()
#3 C:\xampp2\htdocs\gestionhumana\system\CodeIgniter.php(402): CodeIgniter\CodeIgniter->runController(Object(Modules\Solicitudes\Controllers\Pensiones_reporte))
#4 C:\xampp2\htdocs\gestionhumana\system\CodeIgniter.php(317): CodeIgniter\CodeIgniter->handleRequest(NULL, Object(Config\Cache), false)
#5 C:\xampp2\htdocs\gestionhumana\index.php(37): CodeIgniter\CodeIgniter->run()
#6 {main}
CRITICAL - 24-08-2022 16:24:19 --> Undefined property: stdClass::$fecha_solicitud
#0 C:\xampp2\htdocs\gestionhumana\Modules\Solicitudes\Views\reporte\pension.php(49): CodeIgniter\Debug\Exceptions->errorHandler(8, 'Undefined prope...', 'C:\\xampp2\\htdoc...', 49, Array)
#1 C:\xampp2\htdocs\gestionhumana\system\View\View.php(214): include('C:\\xampp2\\htdoc...')
#2 C:\xampp2\htdocs\gestionhumana\system\View\View.php(217): CodeIgniter\View\View->CodeIgniter\View\{closure}()
#3 C:\xampp2\htdocs\gestionhumana\system\Common.php(1097): CodeIgniter\View\View->render('Modules\\Solicit...', Array, true)
#4 C:\xampp2\htdocs\gestionhumana\Modules\Solicitudes\Controllers\Pensiones_reporte.php(30): view('Modules\\Solicit...', Array)
#5 C:\xampp2\htdocs\gestionhumana\system\CodeIgniter.php(810): Modules\Solicitudes\Controllers\Pensiones_reporte->index()
#6 C:\xampp2\htdocs\gestionhumana\system\CodeIgniter.php(402): CodeIgniter\CodeIgniter->runController(Object(Modules\Solicitudes\Controllers\Pensiones_reporte))
#7 C:\xampp2\htdocs\gestionhumana\system\CodeIgniter.php(317): CodeIgniter\CodeIgniter->handleRequest(NULL, Object(Config\Cache), false)
#8 C:\xampp2\htdocs\gestionhumana\index.php(37): CodeIgniter\CodeIgniter->run()
#9 {main}
ERROR - 24-08-2022 16:33:58 --> You have an error in your SQL syntax; check the manual that corresponds to your MariaDB server version for the right syntax to use near '?,'%Y-%m-%d') 
            LIMIT 20' at line 4
CRITICAL - 24-08-2022 16:33:58 --> You have an error in your SQL syntax; check the manual that corresponds to your MariaDB server version for the right syntax to use near '?,'%Y-%m-%d') 
            LIMIT 20' at line 4
#0 C:\xampp2\htdocs\gestionhumana\system\Database\MySQLi\Connection.php(292): mysqli->query('SELECT t.idpens...', 0)
#1 C:\xampp2\htdocs\gestionhumana\system\Database\BaseConnection.php(663): CodeIgniter\Database\MySQLi\Connection->execute('SELECT t.idpens...')
#2 C:\xampp2\htdocs\gestionhumana\system\Database\BaseConnection.php(591): CodeIgniter\Database\BaseConnection->simpleQuery('SELECT t.idpens...')
#3 C:\xampp2\htdocs\gestionhumana\Modules\Solicitudes\Models\Pension_Model.php(95): CodeIgniter\Database\BaseConnection->query('SELECT t.idpens...')
#4 C:\xampp2\htdocs\gestionhumana\Modules\Solicitudes\Controllers\Pensiones_reporte.php(25): Modules\Solicitudes\Models\Pension_Model->reportePension('', '')
#5 C:\xampp2\htdocs\gestionhumana\system\CodeIgniter.php(810): Modules\Solicitudes\Controllers\Pensiones_reporte->index()
#6 C:\xampp2\htdocs\gestionhumana\system\CodeIgniter.php(402): CodeIgniter\CodeIgniter->runController(Object(Modules\Solicitudes\Controllers\Pensiones_reporte))
#7 C:\xampp2\htdocs\gestionhumana\system\CodeIgniter.php(317): CodeIgniter\CodeIgniter->handleRequest(NULL, Object(Config\Cache), false)
#8 C:\xampp2\htdocs\gestionhumana\index.php(37): CodeIgniter\CodeIgniter->run()
#9 {main}
ERROR - 24-08-2022 16:34:56 --> You have an error in your SQL syntax; check the manual that corresponds to your MariaDB server version for the right syntax to use near '20 t.idpension,t.fecha_solicitud, t.nombre, 
            t.apellido, t.cedula...' at line 1
CRITICAL - 24-08-2022 16:34:56 --> You have an error in your SQL syntax; check the manual that corresponds to your MariaDB server version for the right syntax to use near '20 t.idpension,t.fecha_solicitud, t.nombre, 
            t.apellido, t.cedula...' at line 1
#0 C:\xampp2\htdocs\gestionhumana\system\Database\MySQLi\Connection.php(292): mysqli->query('SELECT TOP 20 t...', 0)
#1 C:\xampp2\htdocs\gestionhumana\system\Database\BaseConnection.php(663): CodeIgniter\Database\MySQLi\Connection->execute('SELECT TOP 20 t...')
#2 C:\xampp2\htdocs\gestionhumana\system\Database\BaseConnection.php(591): CodeIgniter\Database\BaseConnection->simpleQuery('SELECT TOP 20 t...')
#3 C:\xampp2\htdocs\gestionhumana\Modules\Solicitudes\Models\Pension_Model.php(95): CodeIgniter\Database\BaseConnection->query('SELECT TOP 20 t...')
#4 C:\xampp2\htdocs\gestionhumana\Modules\Solicitudes\Controllers\Pensiones_reporte.php(25): Modules\Solicitudes\Models\Pension_Model->reportePension('', '')
#5 C:\xampp2\htdocs\gestionhumana\system\CodeIgniter.php(810): Modules\Solicitudes\Controllers\Pensiones_reporte->index()
#6 C:\xampp2\htdocs\gestionhumana\system\CodeIgniter.php(402): CodeIgniter\CodeIgniter->runController(Object(Modules\Solicitudes\Controllers\Pensiones_reporte))
#7 C:\xampp2\htdocs\gestionhumana\system\CodeIgniter.php(317): CodeIgniter\CodeIgniter->handleRequest(NULL, Object(Config\Cache), false)
#8 C:\xampp2\htdocs\gestionhumana\index.php(37): CodeIgniter\CodeIgniter->run()
#9 {main}
ERROR - 24-08-2022 17:07:35 --> Unknown column 'fecha_solicitud' in 'where clause'
CRITICAL - 24-08-2022 17:07:35 --> Unknown column 'fecha_solicitud' in 'where clause'
#0 C:\xampp2\htdocs\gestionhumana\system\Database\MySQLi\Connection.php(292): mysqli->query('SELECT t.idrenu...', 0)
#1 C:\xampp2\htdocs\gestionhumana\system\Database\BaseConnection.php(663): CodeIgniter\Database\MySQLi\Connection->execute('SELECT t.idrenu...')
#2 C:\xampp2\htdocs\gestionhumana\system\Database\BaseConnection.php(591): CodeIgniter\Database\BaseConnection->simpleQuery('SELECT t.idrenu...')
#3 C:\xampp2\htdocs\gestionhumana\Modules\Solicitudes\Models\Renuncia_Model.php(102): CodeIgniter\Database\BaseConnection->query('SELECT t.idrenu...', Array)
#4 C:\xampp2\htdocs\gestionhumana\Modules\Solicitudes\Controllers\Renuncia_reporte.php(24): Modules\Solicitudes\Models\Renuncia_Model->reporteRenuncias(NULL, NULL)
#5 C:\xampp2\htdocs\gestionhumana\system\CodeIgniter.php(810): Modules\Solicitudes\Controllers\Renuncia_reporte->index()
#6 C:\xampp2\htdocs\gestionhumana\system\CodeIgniter.php(402): CodeIgniter\CodeIgniter->runController(Object(Modules\Solicitudes\Controllers\Renuncia_reporte))
#7 C:\xampp2\htdocs\gestionhumana\system\CodeIgniter.php(317): CodeIgniter\CodeIgniter->handleRequest(NULL, Object(Config\Cache), false)
#8 C:\xampp2\htdocs\gestionhumana\index.php(37): CodeIgniter\CodeIgniter->run()
#9 {main}
CRITICAL - 24-08-2022 17:11:37 --> syntax error, unexpected '?>'
#0 C:\xampp2\htdocs\gestionhumana\system\View\View.php(217): CodeIgniter\View\View->CodeIgniter\View\{closure}()
#1 C:\xampp2\htdocs\gestionhumana\system\Common.php(1097): CodeIgniter\View\View->render('Modules\\Solicit...', Array, true)
#2 C:\xampp2\htdocs\gestionhumana\Modules\Solicitudes\Controllers\Renuncia_reporte.php(28): view('Modules\\Solicit...')
#3 C:\xampp2\htdocs\gestionhumana\system\CodeIgniter.php(810): Modules\Solicitudes\Controllers\Renuncia_reporte->index()
#4 C:\xampp2\htdocs\gestionhumana\system\CodeIgniter.php(402): CodeIgniter\CodeIgniter->runController(Object(Modules\Solicitudes\Controllers\Renuncia_reporte))
#5 C:\xampp2\htdocs\gestionhumana\system\CodeIgniter.php(317): CodeIgniter\CodeIgniter->handleRequest(NULL, Object(Config\Cache), false)
#6 C:\xampp2\htdocs\gestionhumana\index.php(37): CodeIgniter\CodeIgniter->run()
#7 {main}
CRITICAL - 24-08-2022 17:28:38 --> Undefined property: stdClass::$fecha
#0 C:\xampp2\htdocs\gestionhumana\Modules\Solicitudes\Views\reporte\licencias.php(48): CodeIgniter\Debug\Exceptions->errorHandler(8, 'Undefined prope...', 'C:\\xampp2\\htdoc...', 48, Array)
#1 C:\xampp2\htdocs\gestionhumana\system\View\View.php(214): include('C:\\xampp2\\htdoc...')
#2 C:\xampp2\htdocs\gestionhumana\system\View\View.php(217): CodeIgniter\View\View->CodeIgniter\View\{closure}()
#3 C:\xampp2\htdocs\gestionhumana\system\Common.php(1097): CodeIgniter\View\View->render('Modules\\Solicit...', Array, true)
#4 C:\xampp2\htdocs\gestionhumana\Modules\Solicitudes\Controllers\Licencia_reporte.php(29): view('Modules\\Solicit...', Array)
#5 C:\xampp2\htdocs\gestionhumana\system\CodeIgniter.php(810): Modules\Solicitudes\Controllers\Licencia_reporte->index()
#6 C:\xampp2\htdocs\gestionhumana\system\CodeIgniter.php(402): CodeIgniter\CodeIgniter->runController(Object(Modules\Solicitudes\Controllers\Licencia_reporte))
#7 C:\xampp2\htdocs\gestionhumana\system\CodeIgniter.php(317): CodeIgniter\CodeIgniter->handleRequest(NULL, Object(Config\Cache), false)
#8 C:\xampp2\htdocs\gestionhumana\index.php(37): CodeIgniter\CodeIgniter->run()
#9 {main}
