CRITICAL - 18-09-2023 10:11:59 --> Undefined property: stdClass::$codigo
#0 C:\xampp2\htdocs\gestionhumana\Modules\Solicitudes\Views\form\renuncia_view.php(210): CodeIgniter\Debug\Exceptions->errorHandler(8, 'Undefined prope...', 'C:\\xampp2\\htdoc...', 210, Array)
#1 C:\xampp2\htdocs\gestionhumana\system\View\View.php(214): include('C:\\xampp2\\htdoc...')
#2 C:\xampp2\htdocs\gestionhumana\system\View\View.php(217): CodeIgniter\View\View->CodeIgniter\View\{closure}()
#3 C:\xampp2\htdocs\gestionhumana\system\Common.php(1097): CodeIgniter\View\View->render('Modules\\Solicit...', Array, true)
#4 C:\xampp2\htdocs\gestionhumana\Modules\Solicitudes\Controllers\Renuncia.php(22): view('Modules\\Solicit...', Array)
#5 C:\xampp2\htdocs\gestionhumana\system\CodeIgniter.php(810): Modules\Solicitudes\Controllers\Renuncia->index()
#6 C:\xampp2\htdocs\gestionhumana\system\CodeIgniter.php(402): CodeIgniter\CodeIgniter->runController(Object(Modules\Solicitudes\Controllers\Renuncia))
#7 C:\xampp2\htdocs\gestionhumana\system\CodeIgniter.php(317): CodeIgniter\CodeIgniter->handleRequest(NULL, Object(Config\Cache), false)
#8 C:\xampp2\htdocs\gestionhumana\index.php(37): CodeIgniter\CodeIgniter->run()
#9 {main}
CRITICAL - 18-09-2023 10:14:14 --> Undefined property: stdClass::$codigo
#0 C:\xampp2\htdocs\gestionhumana\Modules\Solicitudes\Views\form\accionpersonal_view.php(175): CodeIgniter\Debug\Exceptions->errorHandler(8, 'Undefined prope...', 'C:\\xampp2\\htdoc...', 175, Array)
#1 C:\xampp2\htdocs\gestionhumana\system\View\View.php(214): include('C:\\xampp2\\htdoc...')
#2 C:\xampp2\htdocs\gestionhumana\system\View\View.php(217): CodeIgniter\View\View->CodeIgniter\View\{closure}()
#3 C:\xampp2\htdocs\gestionhumana\system\Common.php(1097): CodeIgniter\View\View->render('Modules\\Solicit...', Array, true)
#4 C:\xampp2\htdocs\gestionhumana\Modules\Solicitudes\Controllers\Accionpersonal.php(24): view('Modules\\Solicit...', Array)
#5 C:\xampp2\htdocs\gestionhumana\system\CodeIgniter.php(810): Modules\Solicitudes\Controllers\Accionpersonal->index()
#6 C:\xampp2\htdocs\gestionhumana\system\CodeIgniter.php(402): CodeIgniter\CodeIgniter->runController(Object(Modules\Solicitudes\Controllers\Accionpersonal))
#7 C:\xampp2\htdocs\gestionhumana\system\CodeIgniter.php(317): CodeIgniter\CodeIgniter->handleRequest(NULL, Object(Config\Cache), false)
#8 C:\xampp2\htdocs\gestionhumana\index.php(37): CodeIgniter\CodeIgniter->run()
#9 {main}
