CRITICAL - 04-08-2022 10:19:23 --> Undefined variable: traer_cumple
#0 C:\xampp2\htdocs\gestionhumana\Modules\Empleados\Views\admin\dashboard.php(57): CodeIgniter\Debug\Exceptions->errorHandler(8, 'Undefined varia...', 'C:\\xampp2\\htdoc...', 57, Array)
#1 C:\xampp2\htdocs\gestionhumana\system\View\View.php(214): include('C:\\xampp2\\htdoc...')
#2 C:\xampp2\htdocs\gestionhumana\system\View\View.php(217): CodeIgniter\View\View->CodeIgniter\View\{closure}()
#3 C:\xampp2\htdocs\gestionhumana\system\Common.php(1097): CodeIgniter\View\View->render('Modules\\Emplead...', Array, true)
#4 C:\xampp2\htdocs\gestionhumana\Modules\Empleados\Controllers\Dashboard.php(12): view('Modules\\Emplead...')
#5 C:\xampp2\htdocs\gestionhumana\system\CodeIgniter.php(810): Modules\Empleados\Controllers\Dashboard->index()
#6 C:\xampp2\htdocs\gestionhumana\system\CodeIgniter.php(402): CodeIgniter\CodeIgniter->runController(Object(Modules\Empleados\Controllers\Dashboard))
#7 C:\xampp2\htdocs\gestionhumana\system\CodeIgniter.php(317): CodeIgniter\CodeIgniter->handleRequest(NULL, Object(Config\Cache), false)
#8 C:\xampp2\htdocs\gestionhumana\index.php(37): CodeIgniter\CodeIgniter->run()
#9 {main}
ERROR - 04-08-2022 13:09:38 --> You have an error in your SQL syntax; check the manual that corresponds to your MariaDB server version for the right syntax to use near 'FROM FECHA_NACIMIENTO) = EXTRACT(DAY FROM CURRENT_DATE) AND ESTADO = 'A'' at line 1
CRITICAL - 04-08-2022 13:09:38 --> You have an error in your SQL syntax; check the manual that corresponds to your MariaDB server version for the right syntax to use near 'FROM FECHA_NACIMIENTO) = EXTRACT(DAY FROM CURRENT_DATE) AND ESTADO = 'A'' at line 1
#0 C:\xampp2\htdocs\gestionhumana\system\Database\MySQLi\Connection.php(292): mysqli->query('SELECT ID, NOMB...', 0)
#1 C:\xampp2\htdocs\gestionhumana\system\Database\BaseConnection.php(663): CodeIgniter\Database\MySQLi\Connection->execute('SELECT ID, NOMB...')
#2 C:\xampp2\htdocs\gestionhumana\system\Database\BaseConnection.php(591): CodeIgniter\Database\BaseConnection->simpleQuery('SELECT ID, NOMB...')
#3 C:\xampp2\htdocs\gestionhumana\Modules\Empleados\Models\Cumple_Model.php(15): CodeIgniter\Database\BaseConnection->query('SELECT ID, NOMB...')
#4 C:\xampp2\htdocs\gestionhumana\Modules\Empleados\Controllers\Dashboard.php(12): Modules\Empleados\Models\Cumple_Model->mostrar_cumple_hoy()
#5 C:\xampp2\htdocs\gestionhumana\system\CodeIgniter.php(810): Modules\Empleados\Controllers\Dashboard->index()
#6 C:\xampp2\htdocs\gestionhumana\system\CodeIgniter.php(402): CodeIgniter\CodeIgniter->runController(Object(Modules\Empleados\Controllers\Dashboard))
#7 C:\xampp2\htdocs\gestionhumana\system\CodeIgniter.php(317): CodeIgniter\CodeIgniter->handleRequest(NULL, Object(Config\Cache), false)
#8 C:\xampp2\htdocs\gestionhumana\index.php(37): CodeIgniter\CodeIgniter->run()
#9 {main}
CRITICAL - 04-08-2022 13:38:15 --> Undefined property: CodeIgniter\Database\MySQLi\Result::$num_rows
#0 C:\xampp2\htdocs\gestionhumana\Modules\Empleados\Models\Cumple_Model.php(19): CodeIgniter\Debug\Exceptions->errorHandler(8, 'Undefined prope...', 'C:\\xampp2\\htdoc...', 19, Array)
#1 C:\xampp2\htdocs\gestionhumana\Modules\Empleados\Controllers\Dashboard.php(12): Modules\Empleados\Models\Cumple_Model->mostrar_cumple_hoy()
#2 C:\xampp2\htdocs\gestionhumana\system\CodeIgniter.php(810): Modules\Empleados\Controllers\Dashboard->index()
#3 C:\xampp2\htdocs\gestionhumana\system\CodeIgniter.php(402): CodeIgniter\CodeIgniter->runController(Object(Modules\Empleados\Controllers\Dashboard))
#4 C:\xampp2\htdocs\gestionhumana\system\CodeIgniter.php(317): CodeIgniter\CodeIgniter->handleRequest(NULL, Object(Config\Cache), false)
#5 C:\xampp2\htdocs\gestionhumana\index.php(37): CodeIgniter\CodeIgniter->run()
#6 {main}
CRITICAL - 04-08-2022 13:38:34 --> Undefined property: CodeIgniter\Database\MySQLi\Result::$num_rows
#0 C:\xampp2\htdocs\gestionhumana\Modules\Empleados\Models\Cumple_Model.php(19): CodeIgniter\Debug\Exceptions->errorHandler(8, 'Undefined prope...', 'C:\\xampp2\\htdoc...', 19, Array)
#1 C:\xampp2\htdocs\gestionhumana\Modules\Empleados\Controllers\Dashboard.php(12): Modules\Empleados\Models\Cumple_Model->mostrar_cumple_hoy()
#2 C:\xampp2\htdocs\gestionhumana\system\CodeIgniter.php(810): Modules\Empleados\Controllers\Dashboard->index()
#3 C:\xampp2\htdocs\gestionhumana\system\CodeIgniter.php(402): CodeIgniter\CodeIgniter->runController(Object(Modules\Empleados\Controllers\Dashboard))
#4 C:\xampp2\htdocs\gestionhumana\system\CodeIgniter.php(317): CodeIgniter\CodeIgniter->handleRequest(NULL, Object(Config\Cache), false)
#5 C:\xampp2\htdocs\gestionhumana\index.php(37): CodeIgniter\CodeIgniter->run()
#6 {main}
CRITICAL - 04-08-2022 13:42:03 --> Undefined property: CodeIgniter\Database\MySQLi\Result::$num_rows
#0 C:\xampp2\htdocs\gestionhumana\Modules\Empleados\Models\Cumple_Model.php(19): CodeIgniter\Debug\Exceptions->errorHandler(8, 'Undefined prope...', 'C:\\xampp2\\htdoc...', 19, Array)
#1 C:\xampp2\htdocs\gestionhumana\Modules\Empleados\Controllers\Dashboard.php(12): Modules\Empleados\Models\Cumple_Model->mostrar_cumple_hoy()
#2 C:\xampp2\htdocs\gestionhumana\system\CodeIgniter.php(810): Modules\Empleados\Controllers\Dashboard->index()
#3 C:\xampp2\htdocs\gestionhumana\system\CodeIgniter.php(402): CodeIgniter\CodeIgniter->runController(Object(Modules\Empleados\Controllers\Dashboard))
#4 C:\xampp2\htdocs\gestionhumana\system\CodeIgniter.php(317): CodeIgniter\CodeIgniter->handleRequest(NULL, Object(Config\Cache), false)
#5 C:\xampp2\htdocs\gestionhumana\index.php(37): CodeIgniter\CodeIgniter->run()
#6 {main}
CRITICAL - 04-08-2022 13:44:21 --> count(): Parameter must be an array or an object that implements Countable
#0 [internal function]: CodeIgniter\Debug\Exceptions->errorHandler(2, 'count(): Parame...', 'C:\\xampp2\\htdoc...', 19, Array)
#1 C:\xampp2\htdocs\gestionhumana\Modules\Empleados\Models\Cumple_Model.php(19): count(Object(CodeIgniter\Database\MySQLi\Result))
#2 C:\xampp2\htdocs\gestionhumana\Modules\Empleados\Controllers\Dashboard.php(12): Modules\Empleados\Models\Cumple_Model->mostrar_cumple_hoy()
#3 C:\xampp2\htdocs\gestionhumana\system\CodeIgniter.php(810): Modules\Empleados\Controllers\Dashboard->index()
#4 C:\xampp2\htdocs\gestionhumana\system\CodeIgniter.php(402): CodeIgniter\CodeIgniter->runController(Object(Modules\Empleados\Controllers\Dashboard))
#5 C:\xampp2\htdocs\gestionhumana\system\CodeIgniter.php(317): CodeIgniter\CodeIgniter->handleRequest(NULL, Object(Config\Cache), false)
#6 C:\xampp2\htdocs\gestionhumana\index.php(37): CodeIgniter\CodeIgniter->run()
#7 {main}
CRITICAL - 04-08-2022 13:45:16 --> Call to undefined method CodeIgniter\Database\MySQLi\Result::num_rows()
#0 C:\xampp2\htdocs\gestionhumana\Modules\Empleados\Controllers\Dashboard.php(12): Modules\Empleados\Models\Cumple_Model->mostrar_cumple_hoy()
#1 C:\xampp2\htdocs\gestionhumana\system\CodeIgniter.php(810): Modules\Empleados\Controllers\Dashboard->index()
#2 C:\xampp2\htdocs\gestionhumana\system\CodeIgniter.php(402): CodeIgniter\CodeIgniter->runController(Object(Modules\Empleados\Controllers\Dashboard))
#3 C:\xampp2\htdocs\gestionhumana\system\CodeIgniter.php(317): CodeIgniter\CodeIgniter->handleRequest(NULL, Object(Config\Cache), false)
#4 C:\xampp2\htdocs\gestionhumana\index.php(37): CodeIgniter\CodeIgniter->run()
#5 {main}
CRITICAL - 04-08-2022 14:16:30 --> Undefined property: stdClass::$codigo
#0 C:\xampp2\htdocs\gestionhumana\Modules\Empleados\Views\admin\dashboard.php(56): CodeIgniter\Debug\Exceptions->errorHandler(8, 'Undefined prope...', 'C:\\xampp2\\htdoc...', 56, Array)
#1 C:\xampp2\htdocs\gestionhumana\system\View\View.php(214): include('C:\\xampp2\\htdoc...')
#2 C:\xampp2\htdocs\gestionhumana\system\View\View.php(217): CodeIgniter\View\View->CodeIgniter\View\{closure}()
#3 C:\xampp2\htdocs\gestionhumana\system\Common.php(1097): CodeIgniter\View\View->render('Modules\\Emplead...', Array, true)
#4 C:\xampp2\htdocs\gestionhumana\Modules\Empleados\Controllers\Dashboard.php(14): view('Modules\\Emplead...', Array)
#5 C:\xampp2\htdocs\gestionhumana\system\CodeIgniter.php(810): Modules\Empleados\Controllers\Dashboard->index()
#6 C:\xampp2\htdocs\gestionhumana\system\CodeIgniter.php(402): CodeIgniter\CodeIgniter->runController(Object(Modules\Empleados\Controllers\Dashboard))
#7 C:\xampp2\htdocs\gestionhumana\system\CodeIgniter.php(317): CodeIgniter\CodeIgniter->handleRequest(NULL, Object(Config\Cache), false)
#8 C:\xampp2\htdocs\gestionhumana\index.php(37): CodeIgniter\CodeIgniter->run()
#9 {main}
CRITICAL - 04-08-2022 14:17:27 --> Undefined property: stdClass::$nombre
#0 C:\xampp2\htdocs\gestionhumana\Modules\Empleados\Views\admin\dashboard.php(56): CodeIgniter\Debug\Exceptions->errorHandler(8, 'Undefined prope...', 'C:\\xampp2\\htdoc...', 56, Array)
#1 C:\xampp2\htdocs\gestionhumana\system\View\View.php(214): include('C:\\xampp2\\htdoc...')
#2 C:\xampp2\htdocs\gestionhumana\system\View\View.php(217): CodeIgniter\View\View->CodeIgniter\View\{closure}()
#3 C:\xampp2\htdocs\gestionhumana\system\Common.php(1097): CodeIgniter\View\View->render('Modules\\Emplead...', Array, true)
#4 C:\xampp2\htdocs\gestionhumana\Modules\Empleados\Controllers\Dashboard.php(14): view('Modules\\Emplead...', Array)
#5 C:\xampp2\htdocs\gestionhumana\system\CodeIgniter.php(810): Modules\Empleados\Controllers\Dashboard->index()
#6 C:\xampp2\htdocs\gestionhumana\system\CodeIgniter.php(402): CodeIgniter\CodeIgniter->runController(Object(Modules\Empleados\Controllers\Dashboard))
#7 C:\xampp2\htdocs\gestionhumana\system\CodeIgniter.php(317): CodeIgniter\CodeIgniter->handleRequest(NULL, Object(Config\Cache), false)
#8 C:\xampp2\htdocs\gestionhumana\index.php(37): CodeIgniter\CodeIgniter->run()
#9 {main}
CRITICAL - 04-08-2022 14:17:46 --> Cannot use object of type stdClass as array
#0 C:\xampp2\htdocs\gestionhumana\system\View\View.php(214): include()
#1 C:\xampp2\htdocs\gestionhumana\system\View\View.php(217): CodeIgniter\View\View->CodeIgniter\View\{closure}()
#2 C:\xampp2\htdocs\gestionhumana\system\Common.php(1097): CodeIgniter\View\View->render('Modules\\Emplead...', Array, true)
#3 C:\xampp2\htdocs\gestionhumana\Modules\Empleados\Controllers\Dashboard.php(14): view('Modules\\Emplead...', Array)
#4 C:\xampp2\htdocs\gestionhumana\system\CodeIgniter.php(810): Modules\Empleados\Controllers\Dashboard->index()
#5 C:\xampp2\htdocs\gestionhumana\system\CodeIgniter.php(402): CodeIgniter\CodeIgniter->runController(Object(Modules\Empleados\Controllers\Dashboard))
#6 C:\xampp2\htdocs\gestionhumana\system\CodeIgniter.php(317): CodeIgniter\CodeIgniter->handleRequest(NULL, Object(Config\Cache), false)
#7 C:\xampp2\htdocs\gestionhumana\index.php(37): CodeIgniter\CodeIgniter->run()
#8 {main}
CRITICAL - 04-08-2022 14:17:57 --> Cannot use object of type stdClass as array
#0 C:\xampp2\htdocs\gestionhumana\system\View\View.php(214): include()
#1 C:\xampp2\htdocs\gestionhumana\system\View\View.php(217): CodeIgniter\View\View->CodeIgniter\View\{closure}()
#2 C:\xampp2\htdocs\gestionhumana\system\Common.php(1097): CodeIgniter\View\View->render('Modules\\Emplead...', Array, true)
#3 C:\xampp2\htdocs\gestionhumana\Modules\Empleados\Controllers\Dashboard.php(14): view('Modules\\Emplead...', Array)
#4 C:\xampp2\htdocs\gestionhumana\system\CodeIgniter.php(810): Modules\Empleados\Controllers\Dashboard->index()
#5 C:\xampp2\htdocs\gestionhumana\system\CodeIgniter.php(402): CodeIgniter\CodeIgniter->runController(Object(Modules\Empleados\Controllers\Dashboard))
#6 C:\xampp2\htdocs\gestionhumana\system\CodeIgniter.php(317): CodeIgniter\CodeIgniter->handleRequest(NULL, Object(Config\Cache), false)
#7 C:\xampp2\htdocs\gestionhumana\index.php(37): CodeIgniter\CodeIgniter->run()
#8 {main}
CRITICAL - 04-08-2022 14:18:01 --> Cannot use object of type stdClass as array
#0 C:\xampp2\htdocs\gestionhumana\system\View\View.php(214): include()
#1 C:\xampp2\htdocs\gestionhumana\system\View\View.php(217): CodeIgniter\View\View->CodeIgniter\View\{closure}()
#2 C:\xampp2\htdocs\gestionhumana\system\Common.php(1097): CodeIgniter\View\View->render('Modules\\Emplead...', Array, true)
#3 C:\xampp2\htdocs\gestionhumana\Modules\Empleados\Controllers\Dashboard.php(14): view('Modules\\Emplead...', Array)
#4 C:\xampp2\htdocs\gestionhumana\system\CodeIgniter.php(810): Modules\Empleados\Controllers\Dashboard->index()
#5 C:\xampp2\htdocs\gestionhumana\system\CodeIgniter.php(402): CodeIgniter\CodeIgniter->runController(Object(Modules\Empleados\Controllers\Dashboard))
#6 C:\xampp2\htdocs\gestionhumana\system\CodeIgniter.php(317): CodeIgniter\CodeIgniter->handleRequest(NULL, Object(Config\Cache), false)
#7 C:\xampp2\htdocs\gestionhumana\index.php(37): CodeIgniter\CodeIgniter->run()
#8 {main}
CRITICAL - 04-08-2022 15:33:38 --> Undefined variable: pager
#0 C:\xampp2\htdocs\gestionhumana\Modules\Empleados\Views\admin\dashboard.php(104): CodeIgniter\Debug\Exceptions->errorHandler(8, 'Undefined varia...', 'C:\\xampp2\\htdoc...', 104, Array)
#1 C:\xampp2\htdocs\gestionhumana\system\View\View.php(214): include('C:\\xampp2\\htdoc...')
#2 C:\xampp2\htdocs\gestionhumana\system\View\View.php(217): CodeIgniter\View\View->CodeIgniter\View\{closure}()
#3 C:\xampp2\htdocs\gestionhumana\system\Common.php(1097): CodeIgniter\View\View->render('Modules\\Emplead...', Array, true)
#4 C:\xampp2\htdocs\gestionhumana\Modules\Empleados\Controllers\Dashboard.php(17): view('Modules\\Emplead...', Array)
#5 C:\xampp2\htdocs\gestionhumana\system\CodeIgniter.php(810): Modules\Empleados\Controllers\Dashboard->index()
#6 C:\xampp2\htdocs\gestionhumana\system\CodeIgniter.php(402): CodeIgniter\CodeIgniter->runController(Object(Modules\Empleados\Controllers\Dashboard))
#7 C:\xampp2\htdocs\gestionhumana\system\CodeIgniter.php(317): CodeIgniter\CodeIgniter->handleRequest(NULL, Object(Config\Cache), false)
#8 C:\xampp2\htdocs\gestionhumana\index.php(37): CodeIgniter\CodeIgniter->run()
#9 {main}
CRITICAL - 04-08-2022 15:34:00 --> syntax error, unexpected '?>'
#0 C:\xampp2\htdocs\gestionhumana\system\View\View.php(217): CodeIgniter\View\View->CodeIgniter\View\{closure}()
#1 C:\xampp2\htdocs\gestionhumana\system\Common.php(1097): CodeIgniter\View\View->render('Modules\\Emplead...', Array, true)
#2 C:\xampp2\htdocs\gestionhumana\Modules\Empleados\Controllers\Dashboard.php(17): view('Modules\\Emplead...', Array)
#3 C:\xampp2\htdocs\gestionhumana\system\CodeIgniter.php(810): Modules\Empleados\Controllers\Dashboard->index()
#4 C:\xampp2\htdocs\gestionhumana\system\CodeIgniter.php(402): CodeIgniter\CodeIgniter->runController(Object(Modules\Empleados\Controllers\Dashboard))
#5 C:\xampp2\htdocs\gestionhumana\system\CodeIgniter.php(317): CodeIgniter\CodeIgniter->handleRequest(NULL, Object(Config\Cache), false)
#6 C:\xampp2\htdocs\gestionhumana\index.php(37): CodeIgniter\CodeIgniter->run()
#7 {main}
CRITICAL - 04-08-2022 16:33:40 --> Argument 2 passed to view() must be of the type array, null given, called in C:\xampp2\htdocs\gestionhumana\Modules\Empleados\Controllers\Servidor.php on line 22
#0 C:\xampp2\htdocs\gestionhumana\Modules\Empleados\Controllers\Servidor.php(22): view('Modules\\Emplead...', NULL)
#1 C:\xampp2\htdocs\gestionhumana\system\CodeIgniter.php(810): Modules\Empleados\Controllers\Servidor->index()
#2 C:\xampp2\htdocs\gestionhumana\system\CodeIgniter.php(402): CodeIgniter\CodeIgniter->runController(Object(Modules\Empleados\Controllers\Servidor))
#3 C:\xampp2\htdocs\gestionhumana\system\CodeIgniter.php(317): CodeIgniter\CodeIgniter->handleRequest(NULL, Object(Config\Cache), false)
#4 C:\xampp2\htdocs\gestionhumana\index.php(37): CodeIgniter\CodeIgniter->run()
#5 {main}
CRITICAL - 04-08-2022 16:41:30 --> syntax error, unexpected 'btn' (T_STRING), expecting ';' or ','
#0 C:\xampp2\htdocs\gestionhumana\system\View\View.php(217): CodeIgniter\View\View->CodeIgniter\View\{closure}()
#1 C:\xampp2\htdocs\gestionhumana\system\Common.php(1097): CodeIgniter\View\View->render('Modules\\Emplead...', Array, true)
#2 C:\xampp2\htdocs\gestionhumana\Modules\Empleados\Controllers\Dashboard.php(20): view('Modules\\Emplead...', Array)
#3 C:\xampp2\htdocs\gestionhumana\system\CodeIgniter.php(810): Modules\Empleados\Controllers\Dashboard->index()
#4 C:\xampp2\htdocs\gestionhumana\system\CodeIgniter.php(402): CodeIgniter\CodeIgniter->runController(Object(Modules\Empleados\Controllers\Dashboard))
#5 C:\xampp2\htdocs\gestionhumana\system\CodeIgniter.php(317): CodeIgniter\CodeIgniter->handleRequest(NULL, Object(Config\Cache), false)
#6 C:\xampp2\htdocs\gestionhumana\index.php(37): CodeIgniter\CodeIgniter->run()
#7 {main}
CRITICAL - 04-08-2022 16:59:19 --> syntax error, unexpected 'btn' (T_STRING), expecting ';' or ','
#0 C:\xampp2\htdocs\gestionhumana\system\View\View.php(217): CodeIgniter\View\View->CodeIgniter\View\{closure}()
#1 C:\xampp2\htdocs\gestionhumana\system\Common.php(1097): CodeIgniter\View\View->render('Modules\\Emplead...', Array, true)
#2 C:\xampp2\htdocs\gestionhumana\Modules\Empleados\Controllers\Dashboard.php(20): view('Modules\\Emplead...', Array)
#3 C:\xampp2\htdocs\gestionhumana\system\CodeIgniter.php(810): Modules\Empleados\Controllers\Dashboard->index()
#4 C:\xampp2\htdocs\gestionhumana\system\CodeIgniter.php(402): CodeIgniter\CodeIgniter->runController(Object(Modules\Empleados\Controllers\Dashboard))
#5 C:\xampp2\htdocs\gestionhumana\system\CodeIgniter.php(317): CodeIgniter\CodeIgniter->handleRequest(NULL, Object(Config\Cache), false)
#6 C:\xampp2\htdocs\gestionhumana\index.php(37): CodeIgniter\CodeIgniter->run()
#7 {main}
CRITICAL - 04-08-2022 16:59:53 --> syntax error, unexpected 'btn' (T_STRING), expecting ';' or ','
#0 C:\xampp2\htdocs\gestionhumana\system\View\View.php(217): CodeIgniter\View\View->CodeIgniter\View\{closure}()
#1 C:\xampp2\htdocs\gestionhumana\system\Common.php(1097): CodeIgniter\View\View->render('Modules\\Emplead...', Array, true)
#2 C:\xampp2\htdocs\gestionhumana\Modules\Empleados\Controllers\Dashboard.php(20): view('Modules\\Emplead...', Array)
#3 C:\xampp2\htdocs\gestionhumana\system\CodeIgniter.php(810): Modules\Empleados\Controllers\Dashboard->index()
#4 C:\xampp2\htdocs\gestionhumana\system\CodeIgniter.php(402): CodeIgniter\CodeIgniter->runController(Object(Modules\Empleados\Controllers\Dashboard))
#5 C:\xampp2\htdocs\gestionhumana\system\CodeIgniter.php(317): CodeIgniter\CodeIgniter->handleRequest(NULL, Object(Config\Cache), false)
#6 C:\xampp2\htdocs\gestionhumana\index.php(37): CodeIgniter\CodeIgniter->run()
#7 {main}
CRITICAL - 04-08-2022 17:00:47 --> syntax error, unexpected 'fa' (T_STRING), expecting ';' or ','
#0 C:\xampp2\htdocs\gestionhumana\system\View\View.php(217): CodeIgniter\View\View->CodeIgniter\View\{closure}()
#1 C:\xampp2\htdocs\gestionhumana\system\Common.php(1097): CodeIgniter\View\View->render('Modules\\Emplead...', Array, true)
#2 C:\xampp2\htdocs\gestionhumana\Modules\Empleados\Controllers\Dashboard.php(20): view('Modules\\Emplead...', Array)
#3 C:\xampp2\htdocs\gestionhumana\system\CodeIgniter.php(810): Modules\Empleados\Controllers\Dashboard->index()
#4 C:\xampp2\htdocs\gestionhumana\system\CodeIgniter.php(402): CodeIgniter\CodeIgniter->runController(Object(Modules\Empleados\Controllers\Dashboard))
#5 C:\xampp2\htdocs\gestionhumana\system\CodeIgniter.php(317): CodeIgniter\CodeIgniter->handleRequest(NULL, Object(Config\Cache), false)
#6 C:\xampp2\htdocs\gestionhumana\index.php(37): CodeIgniter\CodeIgniter->run()
#7 {main}
CRITICAL - 04-08-2022 17:01:12 --> syntax error, unexpected '"><i class="' (T_CONSTANT_ENCAPSED_STRING), expecting ';' or ','
#0 C:\xampp2\htdocs\gestionhumana\system\View\View.php(217): CodeIgniter\View\View->CodeIgniter\View\{closure}()
#1 C:\xampp2\htdocs\gestionhumana\system\Common.php(1097): CodeIgniter\View\View->render('Modules\\Emplead...', Array, true)
#2 C:\xampp2\htdocs\gestionhumana\Modules\Empleados\Controllers\Dashboard.php(20): view('Modules\\Emplead...', Array)
#3 C:\xampp2\htdocs\gestionhumana\system\CodeIgniter.php(810): Modules\Empleados\Controllers\Dashboard->index()
#4 C:\xampp2\htdocs\gestionhumana\system\CodeIgniter.php(402): CodeIgniter\CodeIgniter->runController(Object(Modules\Empleados\Controllers\Dashboard))
#5 C:\xampp2\htdocs\gestionhumana\system\CodeIgniter.php(317): CodeIgniter\CodeIgniter->handleRequest(NULL, Object(Config\Cache), false)
#6 C:\xampp2\htdocs\gestionhumana\index.php(37): CodeIgniter\CodeIgniter->run()
#7 {main}
CRITICAL - 04-08-2022 17:01:42 --> syntax error, unexpected '"><i class='fa fa-pencil-squar' (T_CONSTANT_ENCAPSED_STRING), expecting ';' or ','
#0 C:\xampp2\htdocs\gestionhumana\system\View\View.php(217): CodeIgniter\View\View->CodeIgniter\View\{closure}()
#1 C:\xampp2\htdocs\gestionhumana\system\Common.php(1097): CodeIgniter\View\View->render('Modules\\Emplead...', Array, true)
#2 C:\xampp2\htdocs\gestionhumana\Modules\Empleados\Controllers\Dashboard.php(20): view('Modules\\Emplead...', Array)
#3 C:\xampp2\htdocs\gestionhumana\system\CodeIgniter.php(810): Modules\Empleados\Controllers\Dashboard->index()
#4 C:\xampp2\htdocs\gestionhumana\system\CodeIgniter.php(402): CodeIgniter\CodeIgniter->runController(Object(Modules\Empleados\Controllers\Dashboard))
#5 C:\xampp2\htdocs\gestionhumana\system\CodeIgniter.php(317): CodeIgniter\CodeIgniter->handleRequest(NULL, Object(Config\Cache), false)
#6 C:\xampp2\htdocs\gestionhumana\index.php(37): CodeIgniter\CodeIgniter->run()
#7 {main}
