CRITICAL - 24-01-2023 09:18:57 --> Call to undefined method Modules\Empleados\Models\Empleados_Model::getReporte
#0 C:\xampp2\htdocs\gestionhumana\Modules\Empleados\Controllers\Empleados.php(145): CodeIgniter\Model->__call('getReporte', Array)
#1 C:\xampp2\htdocs\gestionhumana\system\CodeIgniter.php(810): Modules\Empleados\Controllers\Empleados->certificado()
#2 C:\xampp2\htdocs\gestionhumana\system\CodeIgniter.php(402): CodeIgniter\CodeIgniter->runController(Object(Modules\Empleados\Controllers\Empleados))
#3 C:\xampp2\htdocs\gestionhumana\system\CodeIgniter.php(317): CodeIgniter\CodeIgniter->handleRequest(NULL, Object(Config\Cache), false)
#4 C:\xampp2\htdocs\gestionhumana\index.php(37): CodeIgniter\CodeIgniter->run()
#5 {main}
CRITICAL - 24-01-2023 09:19:59 --> Call to undefined method Modules\Empleados\Models\Empleados_Model::getReporte
#0 C:\xampp2\htdocs\gestionhumana\Modules\Empleados\Controllers\Empleados.php(145): CodeIgniter\Model->__call('getReporte', Array)
#1 C:\xampp2\htdocs\gestionhumana\system\CodeIgniter.php(810): Modules\Empleados\Controllers\Empleados->certificado()
#2 C:\xampp2\htdocs\gestionhumana\system\CodeIgniter.php(402): CodeIgniter\CodeIgniter->runController(Object(Modules\Empleados\Controllers\Empleados))
#3 C:\xampp2\htdocs\gestionhumana\system\CodeIgniter.php(317): CodeIgniter\CodeIgniter->handleRequest(NULL, Object(Config\Cache), false)
#4 C:\xampp2\htdocs\gestionhumana\index.php(37): CodeIgniter\CodeIgniter->run()
#5 {main}
CRITICAL - 24-01-2023 09:36:31 --> syntax error, unexpected '$puesto' (T_VARIABLE), expecting ')'
#0 C:\xampp2\htdocs\gestionhumana\system\Autoloader\Autoloader.php(241): CodeIgniter\Autoloader\Autoloader->includeFile('C:\\xampp2\\htdoc...')
#1 C:\xampp2\htdocs\gestionhumana\system\Autoloader\Autoloader.php(219): CodeIgniter\Autoloader\Autoloader->loadInNamespace('Modules\\Emplead...')
#2 [internal function]: CodeIgniter\Autoloader\Autoloader->loadClass('Modules\\Emplead...')
#3 [internal function]: spl_autoload_call('Modules\\Emplead...')
#4 C:\xampp2\htdocs\gestionhumana\system\CodeIgniter.php(775): class_exists('\\Modules\\Emplea...', true)
#5 C:\xampp2\htdocs\gestionhumana\system\CodeIgniter.php(389): CodeIgniter\CodeIgniter->startController()
#6 C:\xampp2\htdocs\gestionhumana\system\CodeIgniter.php(317): CodeIgniter\CodeIgniter->handleRequest(NULL, Object(Config\Cache), false)
#7 C:\xampp2\htdocs\gestionhumana\index.php(37): CodeIgniter\CodeIgniter->run()
#8 {main}
CRITICAL - 24-01-2023 09:48:12 --> Array to string conversion
#0 C:\xampp2\htdocs\gestionhumana\Modules\Empleados\Controllers\Empleados.php(187): CodeIgniter\Debug\Exceptions->errorHandler(8, 'Array to string...', 'C:\\xampp2\\htdoc...', 187, Array)
#1 C:\xampp2\htdocs\gestionhumana\system\CodeIgniter.php(810): Modules\Empleados\Controllers\Empleados->certificado()
#2 C:\xampp2\htdocs\gestionhumana\system\CodeIgniter.php(402): CodeIgniter\CodeIgniter->runController(Object(Modules\Empleados\Controllers\Empleados))
#3 C:\xampp2\htdocs\gestionhumana\system\CodeIgniter.php(317): CodeIgniter\CodeIgniter->handleRequest(NULL, Object(Config\Cache), false)
#4 C:\xampp2\htdocs\gestionhumana\index.php(37): CodeIgniter\CodeIgniter->run()
#5 {main}
CRITICAL - 24-01-2023 09:48:28 --> Array to string conversion
#0 C:\xampp2\htdocs\gestionhumana\Modules\Empleados\Controllers\Empleados.php(187): CodeIgniter\Debug\Exceptions->errorHandler(8, 'Array to string...', 'C:\\xampp2\\htdoc...', 187, Array)
#1 C:\xampp2\htdocs\gestionhumana\system\CodeIgniter.php(810): Modules\Empleados\Controllers\Empleados->certificado()
#2 C:\xampp2\htdocs\gestionhumana\system\CodeIgniter.php(402): CodeIgniter\CodeIgniter->runController(Object(Modules\Empleados\Controllers\Empleados))
#3 C:\xampp2\htdocs\gestionhumana\system\CodeIgniter.php(317): CodeIgniter\CodeIgniter->handleRequest(NULL, Object(Config\Cache), false)
#4 C:\xampp2\htdocs\gestionhumana\index.php(37): CodeIgniter\CodeIgniter->run()
#5 {main}
CRITICAL - 24-01-2023 09:48:32 --> Array to string conversion
#0 C:\xampp2\htdocs\gestionhumana\Modules\Empleados\Controllers\Empleados.php(187): CodeIgniter\Debug\Exceptions->errorHandler(8, 'Array to string...', 'C:\\xampp2\\htdoc...', 187, Array)
#1 C:\xampp2\htdocs\gestionhumana\system\CodeIgniter.php(810): Modules\Empleados\Controllers\Empleados->certificado()
#2 C:\xampp2\htdocs\gestionhumana\system\CodeIgniter.php(402): CodeIgniter\CodeIgniter->runController(Object(Modules\Empleados\Controllers\Empleados))
#3 C:\xampp2\htdocs\gestionhumana\system\CodeIgniter.php(317): CodeIgniter\CodeIgniter->handleRequest(NULL, Object(Config\Cache), false)
#4 C:\xampp2\htdocs\gestionhumana\index.php(37): CodeIgniter\CodeIgniter->run()
#5 {main}
CRITICAL - 24-01-2023 09:50:33 --> Array to string conversion
#0 C:\xampp2\htdocs\gestionhumana\Modules\Empleados\Controllers\Empleados.php(188): CodeIgniter\Debug\Exceptions->errorHandler(8, 'Array to string...', 'C:\\xampp2\\htdoc...', 188, Array)
#1 C:\xampp2\htdocs\gestionhumana\system\CodeIgniter.php(810): Modules\Empleados\Controllers\Empleados->certificado()
#2 C:\xampp2\htdocs\gestionhumana\system\CodeIgniter.php(402): CodeIgniter\CodeIgniter->runController(Object(Modules\Empleados\Controllers\Empleados))
#3 C:\xampp2\htdocs\gestionhumana\system\CodeIgniter.php(317): CodeIgniter\CodeIgniter->handleRequest(NULL, Object(Config\Cache), false)
#4 C:\xampp2\htdocs\gestionhumana\index.php(37): CodeIgniter\CodeIgniter->run()
#5 {main}
